{"uid":"6ea5daca9b91f106","name":"Успешное создание рецепта","fullName":"test.test_recipe.TestRecipe#test_create_recipe_success","historyId":"255421a62f1a5b194b935bff5680db26","time":{"start":1764168186354,"stop":1764168186354,"duration":0},"description":"Проверка создания нового рецепта с валидными данными","descriptionHtml":"<p>Проверка создания нового рецепта с валидными данными</p>\n","status":"broken","statusMessage":"selenium.common.exceptions.UnexpectedAlertPresentException: Alert Text: Пользователь с таким именем уже существует.\nMessage: unexpected alert open: {Alert text : Пользователь с таким именем уже существует.}\n  (Session info: chrome=142.0.7444.176)\nStacktrace:\n0   chromedriver                        0x000000010322eecc cxxbridge1$str$ptr + 2941512\n1   chromedriver                        0x0000000103226b88 cxxbridge1$str$ptr + 2907908\n2   chromedriver                        0x0000000102d3e2b0 _RNvCsgXDX2mvAJAg_7___rustc35___rust_no_alloc_shim_is_unstable_v2 + 74020\n3   chromedriver                        0x0000000102dc74cc _RNvCsgXDX2mvAJAg_7___rustc35___rust_no_alloc_shim_is_unstable_v2 + 635712\n4   chromedriver                        0x0000000102d79ef0 _RNvCsgXDX2mvAJAg_7___rustc35___rust_no_alloc_shim_is_unstable_v2 + 318820\n5   chromedriver                        0x00000001031f20c8 cxxbridge1$str$ptr + 2692164\n6   chromedriver                        0x00000001031f58dc cxxbridge1$str$ptr + 2706520\n7   chromedriver                        0x00000001031d284c cxxbridge1$str$ptr + 2563016\n8   chromedriver                        0x00000001031f61b4 cxxbridge1$str$ptr + 2708784\n9   chromedriver                        0x00000001031c40f4 cxxbridge1$str$ptr + 2503792\n10  chromedriver                        0x0000000103215498 cxxbridge1$str$ptr + 2836500\n11  chromedriver                        0x000000010321561c cxxbridge1$str$ptr + 2836888\n12  chromedriver                        0x00000001032267d8 cxxbridge1$str$ptr + 2906964\n13  libsystem_pthread.dylib             0x000000019d9e9c08 _pthread_start + 136\n14  libsystem_pthread.dylib             0x000000019d9e4ba8 thread_start + 8","statusTrace":"conftest.py:74: in authorized_user\n    login_page.click_login_button()\npages/login_page.py:18: in click_login_button\n    self.click_element(LoginPageLocators.LOGIN_BUTTON)\npages/base_page.py:17: in click_element\n    element = self.find_clickable_element(locator)\npages/base_page.py:14: in find_clickable_element\n    return self.wait.until(EC.element_to_be_clickable(locator))\n/Library/Frameworks/Python.framework/Versions/3.13/lib/python3.13/site-packages/selenium/webdriver/support/wait.py:92: in until\n    value = method(self._driver)\n/Library/Frameworks/Python.framework/Versions/3.13/lib/python3.13/site-packages/selenium/webdriver/support/expected_conditions.py:355: in _predicate\n    target = driver.find_element(*target)  # grab element at locator\n/Library/Frameworks/Python.framework/Versions/3.13/lib/python3.13/site-packages/selenium/webdriver/remote/webdriver.py:741: in find_element\n    return self.execute(Command.FIND_ELEMENT, {\"using\": by, \"value\": value})[\"value\"]\n/Library/Frameworks/Python.framework/Versions/3.13/lib/python3.13/site-packages/selenium/webdriver/remote/webdriver.py:347: in execute\n    self.error_handler.check_response(response)\n/Library/Frameworks/Python.framework/Versions/3.13/lib/python3.13/site-packages/selenium/webdriver/remote/errorhandler.py:228: in check_response\n    raise exception_class(message, screen, stacktrace, alert_text)  # type: ignore[call-arg]  # mypy is not smart enough here\nE   selenium.common.exceptions.UnexpectedAlertPresentException: Alert Text: Пользователь с таким именем уже существует.\nE   Message: unexpected alert open: {Alert text : Пользователь с таким именем уже существует.}\nE     (Session info: chrome=142.0.7444.176)\nE   Stacktrace:\nE   0   chromedriver                        0x000000010322eecc cxxbridge1$str$ptr + 2941512\nE   1   chromedriver                        0x0000000103226b88 cxxbridge1$str$ptr + 2907908\nE   2   chromedriver                        0x0000000102d3e2b0 _RNvCsgXDX2mvAJAg_7___rustc35___rust_no_alloc_shim_is_unstable_v2 + 74020\nE   3   chromedriver                        0x0000000102dc74cc _RNvCsgXDX2mvAJAg_7___rustc35___rust_no_alloc_shim_is_unstable_v2 + 635712\nE   4   chromedriver                        0x0000000102d79ef0 _RNvCsgXDX2mvAJAg_7___rustc35___rust_no_alloc_shim_is_unstable_v2 + 318820\nE   5   chromedriver                        0x00000001031f20c8 cxxbridge1$str$ptr + 2692164\nE   6   chromedriver                        0x00000001031f58dc cxxbridge1$str$ptr + 2706520\nE   7   chromedriver                        0x00000001031d284c cxxbridge1$str$ptr + 2563016\nE   8   chromedriver                        0x00000001031f61b4 cxxbridge1$str$ptr + 2708784\nE   9   chromedriver                        0x00000001031c40f4 cxxbridge1$str$ptr + 2503792\nE   10  chromedriver                        0x0000000103215498 cxxbridge1$str$ptr + 2836500\nE   11  chromedriver                        0x000000010321561c cxxbridge1$str$ptr + 2836888\nE   12  chromedriver                        0x00000001032267d8 cxxbridge1$str$ptr + 2906964\nE   13  libsystem_pthread.dylib             0x000000019d9e9c08 _pthread_start + 136\nE   14  libsystem_pthread.dylib             0x000000019d9e4ba8 thread_start + 8","flaky":false,"newFailed":false,"newBroken":false,"newPassed":false,"retriesCount":0,"retriesStatusChange":false,"beforeStages":[{"name":"_session_faker","time":{"start":1764168181323,"stop":1764168181340,"duration":17},"status":"passed","steps":[],"attachments":[],"parameters":[],"shouldDisplayMessage":false,"attachmentsCount":0,"stepsCount":0,"hasContent":false,"attachmentStep":false},{"name":"sensitive_url","time":{"start":1764168181340,"stop":1764168181340,"duration":0},"status":"passed","steps":[],"attachments":[],"parameters":[],"shouldDisplayMessage":false,"attachmentsCount":0,"stepsCount":0,"hasContent":false,"attachmentStep":false},{"name":"base_url","time":{"start":1764168181340,"stop":1764168181340,"duration":0},"status":"passed","steps":[],"attachments":[],"parameters":[],"shouldDisplayMessage":false,"attachmentsCount":0,"stepsCount":0,"hasContent":false,"attachmentStep":false},{"name":"_verify_url","time":{"start":1764168181340,"stop":1764168181340,"duration":0},"status":"passed","steps":[],"attachments":[],"parameters":[],"shouldDisplayMessage":false,"attachmentsCount":0,"stepsCount":0,"hasContent":false,"attachmentStep":false},{"name":"_skip_sensitive","time":{"start":1764168186354,"stop":1764168186354,"duration":0},"status":"passed","steps":[],"attachments":[],"parameters":[],"shouldDisplayMessage":false,"attachmentsCount":0,"stepsCount":0,"hasContent":false,"attachmentStep":false},{"name":"chrome_options","time":{"start":1764168186354,"stop":1764168186355,"duration":1},"status":"passed","steps":[],"attachments":[],"parameters":[],"shouldDisplayMessage":false,"attachmentsCount":0,"stepsCount":0,"hasContent":false,"attachmentStep":false},{"name":"driver","time":{"start":1764168186355,"stop":1764168187473,"duration":1118},"status":"passed","steps":[],"attachments":[],"parameters":[],"shouldDisplayMessage":false,"attachmentsCount":0,"stepsCount":0,"hasContent":false,"attachmentStep":false},{"name":"registered_user","time":{"start":1764168187474,"stop":1764168189638,"duration":2164},"status":"passed","steps":[],"attachments":[],"parameters":[],"shouldDisplayMessage":false,"attachmentsCount":0,"stepsCount":0,"hasContent":false,"attachmentStep":false},{"name":"authorized_user","time":{"start":1764168189638,"stop":1764168190712,"duration":1074},"status":"broken","statusMessage":"selenium.common.exceptions.UnexpectedAlertPresentException: Alert Text: Пользователь с таким именем уже существует.\nMessage: unexpected alert open: {Alert text : Пользователь с таким именем уже существует.}\n  (Session info: chrome=142.0.7444.176)\nStacktrace:\n0   chromedriver                        0x000000010322eecc cxxbridge1$str$ptr + 2941512\n1   chromedriver                        0x0000000103226b88 cxxbridge1$str$ptr + 2907908\n2   chromedriver                        0x0000000102d3e2b0 _RNvCsgXDX2mvAJAg_7___rustc35___rust_no_alloc_shim_is_unstable_v2 + 74020\n3   chromedriver                        0x0000000102dc74cc _RNvCsgXDX2mvAJAg_7___rustc35___rust_no_alloc_shim_is_unstable_v2 + 635712\n4   chromedriver                        0x0000000102d79ef0 _RNvCsgXDX2mvAJAg_7___rustc35___rust_no_alloc_shim_is_unstable_v2 + 318820\n5   chromedriver                        0x00000001031f20c8 cxxbridge1$str$ptr + 2692164\n6   chromedriver                        0x00000001031f58dc cxxbridge1$str$ptr + 2706520\n7   chromedriver                        0x00000001031d284c cxxbridge1$str$ptr + 2563016\n8   chromedriver                        0x00000001031f61b4 cxxbridge1$str$ptr + 2708784\n9   chromedriver                        0x00000001031c40f4 cxxbridge1$str$ptr + 2503792\n10  chromedriver                        0x0000000103215498 cxxbridge1$str$ptr + 2836500\n11  chromedriver                        0x000000010321561c cxxbridge1$str$ptr + 2836888\n12  chromedriver                        0x00000001032267d8 cxxbridge1$str$ptr + 2906964\n13  libsystem_pthread.dylib             0x000000019d9e9c08 _pthread_start + 136\n14  libsystem_pthread.dylib             0x000000019d9e4ba8 thread_start + 8\n\n","statusTrace":"  File \"/Library/Frameworks/Python.framework/Versions/3.13/lib/python3.13/site-packages/pluggy/_callers.py\", line 38, in run_old_style_hookwrapper\n    res = yield\n          ^^^^^\n  File \"/Library/Frameworks/Python.framework/Versions/3.13/lib/python3.13/site-packages/pluggy/_callers.py\", line 139, in _multicall\n    teardown.throw(exception)\n    ~~~~~~~~~~~~~~^^^^^^^^^^^\n  File \"/Library/Frameworks/Python.framework/Versions/3.13/lib/python3.13/site-packages/pluggy/_callers.py\", line 53, in run_old_style_hookwrapper\n    return result.get_result()\n           ~~~~~~~~~~~~~~~~~^^\n  File \"/Library/Frameworks/Python.framework/Versions/3.13/lib/python3.13/site-packages/pluggy/_result.py\", line 103, in get_result\n    raise exc.with_traceback(tb)\n  File \"/Library/Frameworks/Python.framework/Versions/3.13/lib/python3.13/site-packages/pluggy/_callers.py\", line 38, in run_old_style_hookwrapper\n    res = yield\n          ^^^^^\n  File \"/Library/Frameworks/Python.framework/Versions/3.13/lib/python3.13/site-packages/pluggy/_callers.py\", line 121, in _multicall\n    res = hook_impl.function(*args)\n  File \"/Library/Frameworks/Python.framework/Versions/3.13/lib/python3.13/site-packages/_pytest/fixtures.py\", line 1123, in pytest_fixture_setup\n    result = call_fixture_func(fixturefunc, request, kwargs)\n  File \"/Library/Frameworks/Python.framework/Versions/3.13/lib/python3.13/site-packages/_pytest/fixtures.py\", line 902, in call_fixture_func\n    fixture_result = fixturefunc(**kwargs)\n  File \"/Users/daryamelnik/Desktop/Sprint_9/conftest.py\", line 74, in authorized_user\n    login_page.click_login_button()\n    ~~~~~~~~~~~~~~~~~~~~~~~~~~~~~^^\n  File \"/Users/daryamelnik/Desktop/Sprint_9/pages/login_page.py\", line 18, in click_login_button\n    self.click_element(LoginPageLocators.LOGIN_BUTTON)\n    ~~~~~~~~~~~~~~~~~~^^^^^^^^^^^^^^^^^^^^^^^^^^^^^^^^\n  File \"/Users/daryamelnik/Desktop/Sprint_9/pages/base_page.py\", line 17, in click_element\n    element = self.find_clickable_element(locator)\n  File \"/Users/daryamelnik/Desktop/Sprint_9/pages/base_page.py\", line 14, in find_clickable_element\n    return self.wait.until(EC.element_to_be_clickable(locator))\n           ~~~~~~~~~~~~~~~^^^^^^^^^^^^^^^^^^^^^^^^^^^^^^^^^^^^^\n  File \"/Library/Frameworks/Python.framework/Versions/3.13/lib/python3.13/site-packages/selenium/webdriver/support/wait.py\", line 92, in until\n    value = method(self._driver)\n  File \"/Library/Frameworks/Python.framework/Versions/3.13/lib/python3.13/site-packages/selenium/webdriver/support/expected_conditions.py\", line 355, in _predicate\n    target = driver.find_element(*target)  # grab element at locator\n  File \"/Library/Frameworks/Python.framework/Versions/3.13/lib/python3.13/site-packages/selenium/webdriver/remote/webdriver.py\", line 741, in find_element\n    return self.execute(Command.FIND_ELEMENT, {\"using\": by, \"value\": value})[\"value\"]\n           ~~~~~~~~~~~~^^^^^^^^^^^^^^^^^^^^^^^^^^^^^^^^^^^^^^^^^^^^^^^^^^^^^\n  File \"/Library/Frameworks/Python.framework/Versions/3.13/lib/python3.13/site-packages/selenium/webdriver/remote/webdriver.py\", line 347, in execute\n    self.error_handler.check_response(response)\n    ~~~~~~~~~~~~~~~~~~~~~~~~~~~~~~~~~^^^^^^^^^^\n  File \"/Library/Frameworks/Python.framework/Versions/3.13/lib/python3.13/site-packages/selenium/webdriver/remote/errorhandler.py\", line 228, in check_response\n    raise exception_class(message, screen, stacktrace, alert_text)  # type: ignore[call-arg]  # mypy is not smart enough here\n    ^^^^^^^^^^^^^^^^^^^^^^^^^^^^^^^^^^^^^^^^^^^^^^^^^^^^^^^^^^^^^^\n","steps":[],"attachments":[],"parameters":[],"shouldDisplayMessage":true,"attachmentsCount":0,"stepsCount":0,"hasContent":true,"attachmentStep":false}],"afterStages":[{"name":"driver::0","time":{"start":1764168190748,"stop":1764168190820,"duration":72},"status":"passed","steps":[],"attachments":[],"parameters":[],"shouldDisplayMessage":false,"attachmentsCount":0,"stepsCount":0,"hasContent":false,"attachmentStep":false}],"labels":[{"name":"feature","value":"Создание рецепта"},{"name":"parentSuite","value":"test"},{"name":"suite","value":"test_recipe"},{"name":"subSuite","value":"TestRecipe"},{"name":"host","value":"Daryas-MacBook-Air.local"},{"name":"thread","value":"88067-MainThread"},{"name":"framework","value":"pytest"},{"name":"language","value":"cpython3"},{"name":"package","value":"test.test_recipe"},{"name":"resultFormat","value":"allure2"}],"parameters":[],"links":[],"hidden":true,"retry":true,"extra":{"categories":[],"tags":[]},"source":"6ea5daca9b91f106.json","parameterValues":[]}