{"uid":"935159069d32bac6","name":"Успешное создание рецепта","fullName":"test.test_recipe.TestRecipe#test_create_recipe_success","historyId":"255421a62f1a5b194b935bff5680db26","time":{"start":1764168270262,"stop":1764168270778,"duration":516},"description":"Проверка создания нового рецепта с валидными данными","descriptionHtml":"<p>Проверка создания нового рецепта с валидными данными</p>\n","status":"broken","statusMessage":"selenium.common.exceptions.UnexpectedAlertPresentException: Alert Text: Невозможно войти с предоставленными учетными данными.\nMessage: unexpected alert open: {Alert text : Невозможно войти с предоставленными учетными данными.}\n  (Session info: chrome=142.0.7444.176)\nStacktrace:\n0   chromedriver                        0x000000010463eecc cxxbridge1$str$ptr + 2941512\n1   chromedriver                        0x0000000104636b88 cxxbridge1$str$ptr + 2907908\n2   chromedriver                        0x000000010414e2b0 _RNvCsgXDX2mvAJAg_7___rustc35___rust_no_alloc_shim_is_unstable_v2 + 74020\n3   chromedriver                        0x00000001041d74cc _RNvCsgXDX2mvAJAg_7___rustc35___rust_no_alloc_shim_is_unstable_v2 + 635712\n4   chromedriver                        0x0000000104189ef0 _RNvCsgXDX2mvAJAg_7___rustc35___rust_no_alloc_shim_is_unstable_v2 + 318820\n5   chromedriver                        0x00000001046020c8 cxxbridge1$str$ptr + 2692164\n6   chromedriver                        0x00000001046058dc cxxbridge1$str$ptr + 2706520\n7   chromedriver                        0x00000001045e284c cxxbridge1$str$ptr + 2563016\n8   chromedriver                        0x00000001046061b4 cxxbridge1$str$ptr + 2708784\n9   chromedriver                        0x00000001045d40f4 cxxbridge1$str$ptr + 2503792\n10  chromedriver                        0x0000000104625498 cxxbridge1$str$ptr + 2836500\n11  chromedriver                        0x000000010462561c cxxbridge1$str$ptr + 2836888\n12  chromedriver                        0x00000001046367d8 cxxbridge1$str$ptr + 2906964\n13  libsystem_pthread.dylib             0x000000019d9e9c08 _pthread_start + 136\n14  libsystem_pthread.dylib             0x000000019d9e4ba8 thread_start + 8","statusTrace":"test/test_recipe.py:17: in test_create_recipe_success\n    main_page.click_create_recipe_link()\npages/main_page.py:23: in click_create_recipe_link\n    self.click_element(MainPageLocators.CREATE_RECIPE_LINK)\npages/base_page.py:17: in click_element\n    element = self.find_clickable_element(locator)\npages/base_page.py:14: in find_clickable_element\n    return self.wait.until(EC.element_to_be_clickable(locator))\n/Library/Frameworks/Python.framework/Versions/3.13/lib/python3.13/site-packages/selenium/webdriver/support/wait.py:92: in until\n    value = method(self._driver)\n/Library/Frameworks/Python.framework/Versions/3.13/lib/python3.13/site-packages/selenium/webdriver/support/expected_conditions.py:355: in _predicate\n    target = driver.find_element(*target)  # grab element at locator\n/Library/Frameworks/Python.framework/Versions/3.13/lib/python3.13/site-packages/selenium/webdriver/remote/webdriver.py:741: in find_element\n    return self.execute(Command.FIND_ELEMENT, {\"using\": by, \"value\": value})[\"value\"]\n/Library/Frameworks/Python.framework/Versions/3.13/lib/python3.13/site-packages/selenium/webdriver/remote/webdriver.py:347: in execute\n    self.error_handler.check_response(response)\n/Library/Frameworks/Python.framework/Versions/3.13/lib/python3.13/site-packages/selenium/webdriver/remote/errorhandler.py:228: in check_response\n    raise exception_class(message, screen, stacktrace, alert_text)  # type: ignore[call-arg]  # mypy is not smart enough here\nE   selenium.common.exceptions.UnexpectedAlertPresentException: Alert Text: Невозможно войти с предоставленными учетными данными.\nE   Message: unexpected alert open: {Alert text : Невозможно войти с предоставленными учетными данными.}\nE     (Session info: chrome=142.0.7444.176)\nE   Stacktrace:\nE   0   chromedriver                        0x000000010463eecc cxxbridge1$str$ptr + 2941512\nE   1   chromedriver                        0x0000000104636b88 cxxbridge1$str$ptr + 2907908\nE   2   chromedriver                        0x000000010414e2b0 _RNvCsgXDX2mvAJAg_7___rustc35___rust_no_alloc_shim_is_unstable_v2 + 74020\nE   3   chromedriver                        0x00000001041d74cc _RNvCsgXDX2mvAJAg_7___rustc35___rust_no_alloc_shim_is_unstable_v2 + 635712\nE   4   chromedriver                        0x0000000104189ef0 _RNvCsgXDX2mvAJAg_7___rustc35___rust_no_alloc_shim_is_unstable_v2 + 318820\nE   5   chromedriver                        0x00000001046020c8 cxxbridge1$str$ptr + 2692164\nE   6   chromedriver                        0x00000001046058dc cxxbridge1$str$ptr + 2706520\nE   7   chromedriver                        0x00000001045e284c cxxbridge1$str$ptr + 2563016\nE   8   chromedriver                        0x00000001046061b4 cxxbridge1$str$ptr + 2708784\nE   9   chromedriver                        0x00000001045d40f4 cxxbridge1$str$ptr + 2503792\nE   10  chromedriver                        0x0000000104625498 cxxbridge1$str$ptr + 2836500\nE   11  chromedriver                        0x000000010462561c cxxbridge1$str$ptr + 2836888\nE   12  chromedriver                        0x00000001046367d8 cxxbridge1$str$ptr + 2906964\nE   13  libsystem_pthread.dylib             0x000000019d9e9c08 _pthread_start + 136\nE   14  libsystem_pthread.dylib             0x000000019d9e4ba8 thread_start + 8","flaky":false,"newFailed":false,"newBroken":false,"newPassed":false,"retriesCount":0,"retriesStatusChange":false,"beforeStages":[{"name":"_session_faker","time":{"start":1764168250681,"stop":1764168250698,"duration":17},"status":"passed","steps":[],"attachments":[],"parameters":[],"shouldDisplayMessage":false,"attachmentsCount":0,"stepsCount":0,"hasContent":false,"attachmentStep":false},{"name":"base_url","time":{"start":1764168250698,"stop":1764168250698,"duration":0},"status":"passed","steps":[],"attachments":[],"parameters":[],"shouldDisplayMessage":false,"attachmentsCount":0,"stepsCount":0,"hasContent":false,"attachmentStep":false},{"name":"sensitive_url","time":{"start":1764168250698,"stop":1764168250698,"duration":0},"status":"passed","steps":[],"attachments":[],"parameters":[],"shouldDisplayMessage":false,"attachmentsCount":0,"stepsCount":0,"hasContent":false,"attachmentStep":false},{"name":"_verify_url","time":{"start":1764168250698,"stop":1764168250698,"duration":0},"status":"passed","steps":[],"attachments":[],"parameters":[],"shouldDisplayMessage":false,"attachmentsCount":0,"stepsCount":0,"hasContent":false,"attachmentStep":false},{"name":"driver","time":{"start":1764168265655,"stop":1764168266806,"duration":1151},"status":"passed","steps":[],"attachments":[],"parameters":[],"shouldDisplayMessage":false,"attachmentsCount":0,"stepsCount":0,"hasContent":false,"attachmentStep":false},{"name":"chrome_options","time":{"start":1764168265655,"stop":1764168265655,"duration":0},"status":"passed","steps":[],"attachments":[],"parameters":[],"shouldDisplayMessage":false,"attachmentsCount":0,"stepsCount":0,"hasContent":false,"attachmentStep":false},{"name":"_skip_sensitive","time":{"start":1764168265655,"stop":1764168265655,"duration":0},"status":"passed","steps":[],"attachments":[],"parameters":[],"shouldDisplayMessage":false,"attachmentsCount":0,"stepsCount":0,"hasContent":false,"attachmentStep":false},{"name":"registered_user","time":{"start":1764168266807,"stop":1764168269125,"duration":2318},"status":"passed","steps":[],"attachments":[],"parameters":[],"shouldDisplayMessage":false,"attachmentsCount":0,"stepsCount":0,"hasContent":false,"attachmentStep":false},{"name":"user_data","time":{"start":1764168266807,"stop":1764168266807,"duration":0},"status":"passed","steps":[],"attachments":[],"parameters":[],"shouldDisplayMessage":false,"attachmentsCount":0,"stepsCount":0,"hasContent":false,"attachmentStep":false},{"name":"authorized_user","time":{"start":1764168269125,"stop":1764168270262,"duration":1137},"status":"passed","steps":[],"attachments":[],"parameters":[],"shouldDisplayMessage":false,"attachmentsCount":0,"stepsCount":0,"hasContent":false,"attachmentStep":false}],"testStage":{"description":"Проверка создания нового рецепта с валидными данными","status":"broken","statusMessage":"selenium.common.exceptions.UnexpectedAlertPresentException: Alert Text: Невозможно войти с предоставленными учетными данными.\nMessage: unexpected alert open: {Alert text : Невозможно войти с предоставленными учетными данными.}\n  (Session info: chrome=142.0.7444.176)\nStacktrace:\n0   chromedriver                        0x000000010463eecc cxxbridge1$str$ptr + 2941512\n1   chromedriver                        0x0000000104636b88 cxxbridge1$str$ptr + 2907908\n2   chromedriver                        0x000000010414e2b0 _RNvCsgXDX2mvAJAg_7___rustc35___rust_no_alloc_shim_is_unstable_v2 + 74020\n3   chromedriver                        0x00000001041d74cc _RNvCsgXDX2mvAJAg_7___rustc35___rust_no_alloc_shim_is_unstable_v2 + 635712\n4   chromedriver                        0x0000000104189ef0 _RNvCsgXDX2mvAJAg_7___rustc35___rust_no_alloc_shim_is_unstable_v2 + 318820\n5   chromedriver                        0x00000001046020c8 cxxbridge1$str$ptr + 2692164\n6   chromedriver                        0x00000001046058dc cxxbridge1$str$ptr + 2706520\n7   chromedriver                        0x00000001045e284c cxxbridge1$str$ptr + 2563016\n8   chromedriver                        0x00000001046061b4 cxxbridge1$str$ptr + 2708784\n9   chromedriver                        0x00000001045d40f4 cxxbridge1$str$ptr + 2503792\n10  chromedriver                        0x0000000104625498 cxxbridge1$str$ptr + 2836500\n11  chromedriver                        0x000000010462561c cxxbridge1$str$ptr + 2836888\n12  chromedriver                        0x00000001046367d8 cxxbridge1$str$ptr + 2906964\n13  libsystem_pthread.dylib             0x000000019d9e9c08 _pthread_start + 136\n14  libsystem_pthread.dylib             0x000000019d9e4ba8 thread_start + 8","statusTrace":"test/test_recipe.py:17: in test_create_recipe_success\n    main_page.click_create_recipe_link()\npages/main_page.py:23: in click_create_recipe_link\n    self.click_element(MainPageLocators.CREATE_RECIPE_LINK)\npages/base_page.py:17: in click_element\n    element = self.find_clickable_element(locator)\npages/base_page.py:14: in find_clickable_element\n    return self.wait.until(EC.element_to_be_clickable(locator))\n/Library/Frameworks/Python.framework/Versions/3.13/lib/python3.13/site-packages/selenium/webdriver/support/wait.py:92: in until\n    value = method(self._driver)\n/Library/Frameworks/Python.framework/Versions/3.13/lib/python3.13/site-packages/selenium/webdriver/support/expected_conditions.py:355: in _predicate\n    target = driver.find_element(*target)  # grab element at locator\n/Library/Frameworks/Python.framework/Versions/3.13/lib/python3.13/site-packages/selenium/webdriver/remote/webdriver.py:741: in find_element\n    return self.execute(Command.FIND_ELEMENT, {\"using\": by, \"value\": value})[\"value\"]\n/Library/Frameworks/Python.framework/Versions/3.13/lib/python3.13/site-packages/selenium/webdriver/remote/webdriver.py:347: in execute\n    self.error_handler.check_response(response)\n/Library/Frameworks/Python.framework/Versions/3.13/lib/python3.13/site-packages/selenium/webdriver/remote/errorhandler.py:228: in check_response\n    raise exception_class(message, screen, stacktrace, alert_text)  # type: ignore[call-arg]  # mypy is not smart enough here\nE   selenium.common.exceptions.UnexpectedAlertPresentException: Alert Text: Невозможно войти с предоставленными учетными данными.\nE   Message: unexpected alert open: {Alert text : Невозможно войти с предоставленными учетными данными.}\nE     (Session info: chrome=142.0.7444.176)\nE   Stacktrace:\nE   0   chromedriver                        0x000000010463eecc cxxbridge1$str$ptr + 2941512\nE   1   chromedriver                        0x0000000104636b88 cxxbridge1$str$ptr + 2907908\nE   2   chromedriver                        0x000000010414e2b0 _RNvCsgXDX2mvAJAg_7___rustc35___rust_no_alloc_shim_is_unstable_v2 + 74020\nE   3   chromedriver                        0x00000001041d74cc _RNvCsgXDX2mvAJAg_7___rustc35___rust_no_alloc_shim_is_unstable_v2 + 635712\nE   4   chromedriver                        0x0000000104189ef0 _RNvCsgXDX2mvAJAg_7___rustc35___rust_no_alloc_shim_is_unstable_v2 + 318820\nE   5   chromedriver                        0x00000001046020c8 cxxbridge1$str$ptr + 2692164\nE   6   chromedriver                        0x00000001046058dc cxxbridge1$str$ptr + 2706520\nE   7   chromedriver                        0x00000001045e284c cxxbridge1$str$ptr + 2563016\nE   8   chromedriver                        0x00000001046061b4 cxxbridge1$str$ptr + 2708784\nE   9   chromedriver                        0x00000001045d40f4 cxxbridge1$str$ptr + 2503792\nE   10  chromedriver                        0x0000000104625498 cxxbridge1$str$ptr + 2836500\nE   11  chromedriver                        0x000000010462561c cxxbridge1$str$ptr + 2836888\nE   12  chromedriver                        0x00000001046367d8 cxxbridge1$str$ptr + 2906964\nE   13  libsystem_pthread.dylib             0x000000019d9e9c08 _pthread_start + 136\nE   14  libsystem_pthread.dylib             0x000000019d9e4ba8 thread_start + 8","steps":[{"name":"Перейти на таб \"Создать рецепт\"","time":{"start":1764168270262,"stop":1764168270775,"duration":513},"status":"broken","statusMessage":"selenium.common.exceptions.UnexpectedAlertPresentException: Alert Text: Невозможно войти с предоставленными учетными данными.\nMessage: unexpected alert open: {Alert text : Невозможно войти с предоставленными учетными данными.}\n  (Session info: chrome=142.0.7444.176)\nStacktrace:\n0   chromedriver                        0x000000010463eecc cxxbridge1$str$ptr + 2941512\n1   chromedriver                        0x0000000104636b88 cxxbridge1$str$ptr + 2907908\n2   chromedriver                        0x000000010414e2b0 _RNvCsgXDX2mvAJAg_7___rustc35___rust_no_alloc_shim_is_unstable_v2 + 74020\n3   chromedriver                        0x00000001041d74cc _RNvCsgXDX2mvAJAg_7___rustc35___rust_no_alloc_shim_is_unstable_v2 + 635712\n4   chromedriver                        0x0000000104189ef0 _RNvCsgXDX2mvAJAg_7___rustc35___rust_no_alloc_shim_is_unstable_v2 + 318820\n5   chromedriver                        0x00000001046020c8 cxxbridge1$str$ptr + 2692164\n6   chromedriver                        0x00000001046058dc cxxbridge1$str$ptr + 2706520\n7   chromedriver                        0x00000001045e284c cxxbridge1$str$ptr + 2563016\n8   chromedriver                        0x00000001046061b4 cxxbridge1$str$ptr + 2708784\n9   chromedriver                        0x00000001045d40f4 cxxbridge1$str$ptr + 2503792\n10  chromedriver                        0x0000000104625498 cxxbridge1$str$ptr + 2836500\n11  chromedriver                        0x000000010462561c cxxbridge1$str$ptr + 2836888\n12  chromedriver                        0x00000001046367d8 cxxbridge1$str$ptr + 2906964\n13  libsystem_pthread.dylib             0x000000019d9e9c08 _pthread_start + 136\n14  libsystem_pthread.dylib             0x000000019d9e4ba8 thread_start + 8\n\n","statusTrace":"  File \"/Users/daryamelnik/Desktop/Sprint_9/test/test_recipe.py\", line 17, in test_create_recipe_success\n    main_page.click_create_recipe_link()\n    ~~~~~~~~~~~~~~~~~~~~~~~~~~~~~~~~~~^^\n  File \"/Users/daryamelnik/Desktop/Sprint_9/pages/main_page.py\", line 23, in click_create_recipe_link\n    self.click_element(MainPageLocators.CREATE_RECIPE_LINK)\n    ~~~~~~~~~~~~~~~~~~^^^^^^^^^^^^^^^^^^^^^^^^^^^^^^^^^^^^^\n  File \"/Users/daryamelnik/Desktop/Sprint_9/pages/base_page.py\", line 17, in click_element\n    element = self.find_clickable_element(locator)\n  File \"/Users/daryamelnik/Desktop/Sprint_9/pages/base_page.py\", line 14, in find_clickable_element\n    return self.wait.until(EC.element_to_be_clickable(locator))\n           ~~~~~~~~~~~~~~~^^^^^^^^^^^^^^^^^^^^^^^^^^^^^^^^^^^^^\n  File \"/Library/Frameworks/Python.framework/Versions/3.13/lib/python3.13/site-packages/selenium/webdriver/support/wait.py\", line 92, in until\n    value = method(self._driver)\n  File \"/Library/Frameworks/Python.framework/Versions/3.13/lib/python3.13/site-packages/selenium/webdriver/support/expected_conditions.py\", line 355, in _predicate\n    target = driver.find_element(*target)  # grab element at locator\n  File \"/Library/Frameworks/Python.framework/Versions/3.13/lib/python3.13/site-packages/selenium/webdriver/remote/webdriver.py\", line 741, in find_element\n    return self.execute(Command.FIND_ELEMENT, {\"using\": by, \"value\": value})[\"value\"]\n           ~~~~~~~~~~~~^^^^^^^^^^^^^^^^^^^^^^^^^^^^^^^^^^^^^^^^^^^^^^^^^^^^^\n  File \"/Library/Frameworks/Python.framework/Versions/3.13/lib/python3.13/site-packages/selenium/webdriver/remote/webdriver.py\", line 347, in execute\n    self.error_handler.check_response(response)\n    ~~~~~~~~~~~~~~~~~~~~~~~~~~~~~~~~~^^^^^^^^^^\n  File \"/Library/Frameworks/Python.framework/Versions/3.13/lib/python3.13/site-packages/selenium/webdriver/remote/errorhandler.py\", line 228, in check_response\n    raise exception_class(message, screen, stacktrace, alert_text)  # type: ignore[call-arg]  # mypy is not smart enough here\n    ^^^^^^^^^^^^^^^^^^^^^^^^^^^^^^^^^^^^^^^^^^^^^^^^^^^^^^^^^^^^^^\n","steps":[],"attachments":[],"parameters":[],"shouldDisplayMessage":true,"attachmentsCount":0,"stepsCount":0,"hasContent":true,"attachmentStep":false}],"attachments":[],"parameters":[],"shouldDisplayMessage":true,"attachmentsCount":0,"stepsCount":1,"hasContent":true,"attachmentStep":false},"afterStages":[{"name":"driver::0","time":{"start":1764168270811,"stop":1764168270887,"duration":76},"status":"passed","steps":[],"attachments":[],"parameters":[],"shouldDisplayMessage":false,"attachmentsCount":0,"stepsCount":0,"hasContent":false,"attachmentStep":false}],"labels":[{"name":"feature","value":"Создание рецепта"},{"name":"parentSuite","value":"test"},{"name":"suite","value":"test_recipe"},{"name":"subSuite","value":"TestRecipe"},{"name":"host","value":"Daryas-MacBook-Air.local"},{"name":"thread","value":"88344-MainThread"},{"name":"framework","value":"pytest"},{"name":"language","value":"cpython3"},{"name":"package","value":"test.test_recipe"},{"name":"resultFormat","value":"allure2"}],"parameters":[],"links":[],"hidden":true,"retry":true,"extra":{"categories":[],"tags":[]},"source":"935159069d32bac6.json","parameterValues":[]}