{"uid":"ac61f7efc1110849","name":"Успешное создание рецепта","fullName":"test.test_recipe.TestRecipe#test_create_recipe_success","historyId":"255421a62f1a5b194b935bff5680db26","time":{"start":1764169201010,"stop":1764169218572,"duration":17562},"description":"Проверка создания нового рецепта с валидными данными","descriptionHtml":"<p>Проверка создания нового рецепта с валидными данными</p>\n","status":"broken","statusMessage":"selenium.common.exceptions.TimeoutException: Message: \nStacktrace:\n0   chromedriver                        0x0000000104892ecc cxxbridge1$str$ptr + 2941512\n1   chromedriver                        0x000000010488ab88 cxxbridge1$str$ptr + 2907908\n2   chromedriver                        0x00000001043a22b0 _RNvCsgXDX2mvAJAg_7___rustc35___rust_no_alloc_shim_is_unstable_v2 + 74020\n3   chromedriver                        0x00000001043e988c _RNvCsgXDX2mvAJAg_7___rustc35___rust_no_alloc_shim_is_unstable_v2 + 366336\n4   chromedriver                        0x000000010442ad54 _RNvCsgXDX2mvAJAg_7___rustc35___rust_no_alloc_shim_is_unstable_v2 + 633800\n5   chromedriver                        0x00000001043ddef0 _RNvCsgXDX2mvAJAg_7___rustc35___rust_no_alloc_shim_is_unstable_v2 + 318820\n6   chromedriver                        0x00000001048560c8 cxxbridge1$str$ptr + 2692164\n7   chromedriver                        0x00000001048598dc cxxbridge1$str$ptr + 2706520\n8   chromedriver                        0x000000010483684c cxxbridge1$str$ptr + 2563016\n9   chromedriver                        0x000000010485a1b4 cxxbridge1$str$ptr + 2708784\n10  chromedriver                        0x00000001048280f4 cxxbridge1$str$ptr + 2503792\n11  chromedriver                        0x0000000104879498 cxxbridge1$str$ptr + 2836500\n12  chromedriver                        0x000000010487961c cxxbridge1$str$ptr + 2836888\n13  chromedriver                        0x000000010488a7d8 cxxbridge1$str$ptr + 2906964\n14  libsystem_pthread.dylib             0x000000019d9e9c08 _pthread_start + 136\n15  libsystem_pthread.dylib             0x000000019d9e4ba8 thread_start + 8","statusTrace":"self = <test.test_recipe.TestRecipe object at 0x107792350>\nauthorized_user = <selenium.webdriver.chrome.webdriver.WebDriver (session=\"64741328147adf041fa38f7bd16bc459\")>\n\n    @allure.title('Успешное создание рецепта')\n    @allure.description('Проверка создания нового рецепта с валидными данными')\n    def test_create_recipe_success(self, authorized_user):\n        import time\n        recipe_name = TestData.generate_recipe_name()\n    \n        with allure.step('Перейти на страницу создания рецепта'):\n            authorized_user.get(TestData.BASE_URL + \"/recipes/create\")\n            time.sleep(2)\n    \n        recipe_page = RecipePage(authorized_user)\n    \n        with allure.step('Заполнить название рецепта'):\n>           recipe_page.fill_recipe_name(recipe_name)\n\ntest/test_recipe.py:23: \n_ _ _ _ _ _ _ _ _ _ _ _ _ _ _ _ _ _ _ _ _ _ _ _ _ _ _ _ _ _ _ _ _ _ _ _ _ _ _ _ \npages/recipe_page.py:23: in fill_recipe_name\n    self.input_text(RecipePageLocators.NAME_INPUT, name)\npages/base_page.py:21: in input_text\n    element = self.find_element(locator)\npages/base_page.py:11: in find_element\n    return self.wait.until(EC.presence_of_element_located(locator))\n_ _ _ _ _ _ _ _ _ _ _ _ _ _ _ _ _ _ _ _ _ _ _ _ _ _ _ _ _ _ _ _ _ _ _ _ _ _ _ _ \n\nself = <selenium.webdriver.support.wait.WebDriverWait (session=\"64741328147adf041fa38f7bd16bc459\")>\nmethod = <function presence_of_element_located.<locals>._predicate at 0x1078a0180>\nmessage = ''\n\n    def until(self, method: Callable[[WebDriver], Union[Literal[False], T]], message: str = \"\") -> T:\n        \"\"\"Calls the method provided with the driver as an argument until the \\\n        return value does not evaluate to ``False``.\n    \n        :param method: callable(WebDriver)\n        :param message: optional message for :exc:`TimeoutException`\n        :returns: the result of the last call to `method`\n        :raises: :exc:`selenium.common.exceptions.TimeoutException` if timeout occurs\n        \"\"\"\n        screen = None\n        stacktrace = None\n    \n        end_time = time.monotonic() + self._timeout\n        while True:\n            try:\n                value = method(self._driver)\n                if value:\n                    return value\n            except self._ignored_exceptions as exc:\n                screen = getattr(exc, \"screen\", None)\n                stacktrace = getattr(exc, \"stacktrace\", None)\n            time.sleep(self._poll)\n            if time.monotonic() > end_time:\n                break\n>       raise TimeoutException(message, screen, stacktrace)\nE       selenium.common.exceptions.TimeoutException: Message: \nE       Stacktrace:\nE       0   chromedriver                        0x0000000104892ecc cxxbridge1$str$ptr + 2941512\nE       1   chromedriver                        0x000000010488ab88 cxxbridge1$str$ptr + 2907908\nE       2   chromedriver                        0x00000001043a22b0 _RNvCsgXDX2mvAJAg_7___rustc35___rust_no_alloc_shim_is_unstable_v2 + 74020\nE       3   chromedriver                        0x00000001043e988c _RNvCsgXDX2mvAJAg_7___rustc35___rust_no_alloc_shim_is_unstable_v2 + 366336\nE       4   chromedriver                        0x000000010442ad54 _RNvCsgXDX2mvAJAg_7___rustc35___rust_no_alloc_shim_is_unstable_v2 + 633800\nE       5   chromedriver                        0x00000001043ddef0 _RNvCsgXDX2mvAJAg_7___rustc35___rust_no_alloc_shim_is_unstable_v2 + 318820\nE       6   chromedriver                        0x00000001048560c8 cxxbridge1$str$ptr + 2692164\nE       7   chromedriver                        0x00000001048598dc cxxbridge1$str$ptr + 2706520\nE       8   chromedriver                        0x000000010483684c cxxbridge1$str$ptr + 2563016\nE       9   chromedriver                        0x000000010485a1b4 cxxbridge1$str$ptr + 2708784\nE       10  chromedriver                        0x00000001048280f4 cxxbridge1$str$ptr + 2503792\nE       11  chromedriver                        0x0000000104879498 cxxbridge1$str$ptr + 2836500\nE       12  chromedriver                        0x000000010487961c cxxbridge1$str$ptr + 2836888\nE       13  chromedriver                        0x000000010488a7d8 cxxbridge1$str$ptr + 2906964\nE       14  libsystem_pthread.dylib             0x000000019d9e9c08 _pthread_start + 136\nE       15  libsystem_pthread.dylib             0x000000019d9e4ba8 thread_start + 8\n\n/Library/Frameworks/Python.framework/Versions/3.13/lib/python3.13/site-packages/selenium/webdriver/support/wait.py:101: TimeoutException","flaky":false,"newFailed":false,"newBroken":false,"newPassed":false,"retriesCount":0,"retriesStatusChange":false,"beforeStages":[{"name":"_session_faker","time":{"start":1764169185193,"stop":1764169185209,"duration":16},"status":"passed","steps":[],"attachments":[],"parameters":[],"shouldDisplayMessage":false,"attachmentsCount":0,"stepsCount":0,"hasContent":false,"attachmentStep":false},{"name":"sensitive_url","time":{"start":1764169185209,"stop":1764169185209,"duration":0},"status":"passed","steps":[],"attachments":[],"parameters":[],"shouldDisplayMessage":false,"attachmentsCount":0,"stepsCount":0,"hasContent":false,"attachmentStep":false},{"name":"_verify_url","time":{"start":1764169185209,"stop":1764169185209,"duration":0},"status":"passed","steps":[],"attachments":[],"parameters":[],"shouldDisplayMessage":false,"attachmentsCount":0,"stepsCount":0,"hasContent":false,"attachmentStep":false},{"name":"base_url","time":{"start":1764169185209,"stop":1764169185209,"duration":0},"status":"passed","steps":[],"attachments":[],"parameters":[],"shouldDisplayMessage":false,"attachmentsCount":0,"stepsCount":0,"hasContent":false,"attachmentStep":false},{"name":"_skip_sensitive","time":{"start":1764169193174,"stop":1764169193174,"duration":0},"status":"passed","steps":[],"attachments":[],"parameters":[],"shouldDisplayMessage":false,"attachmentsCount":0,"stepsCount":0,"hasContent":false,"attachmentStep":false},{"name":"chrome_options","time":{"start":1764169193174,"stop":1764169193174,"duration":0},"status":"passed","steps":[],"attachments":[],"parameters":[],"shouldDisplayMessage":false,"attachmentsCount":0,"stepsCount":0,"hasContent":false,"attachmentStep":false},{"name":"driver","time":{"start":1764169193174,"stop":1764169194286,"duration":1112},"status":"passed","steps":[],"attachments":[],"parameters":[],"shouldDisplayMessage":false,"attachmentsCount":0,"stepsCount":0,"hasContent":false,"attachmentStep":false},{"name":"authorized_user","time":{"start":1764169194287,"stop":1764169201008,"duration":6721},"status":"passed","steps":[],"attachments":[],"parameters":[],"shouldDisplayMessage":false,"attachmentsCount":0,"stepsCount":0,"hasContent":false,"attachmentStep":false},{"name":"manual_user","time":{"start":1764169194287,"stop":1764169194287,"duration":0},"status":"passed","steps":[],"attachments":[],"parameters":[],"shouldDisplayMessage":false,"attachmentsCount":0,"stepsCount":0,"hasContent":false,"attachmentStep":false}],"testStage":{"description":"Проверка создания нового рецепта с валидными данными","status":"broken","statusMessage":"selenium.common.exceptions.TimeoutException: Message: \nStacktrace:\n0   chromedriver                        0x0000000104892ecc cxxbridge1$str$ptr + 2941512\n1   chromedriver                        0x000000010488ab88 cxxbridge1$str$ptr + 2907908\n2   chromedriver                        0x00000001043a22b0 _RNvCsgXDX2mvAJAg_7___rustc35___rust_no_alloc_shim_is_unstable_v2 + 74020\n3   chromedriver                        0x00000001043e988c _RNvCsgXDX2mvAJAg_7___rustc35___rust_no_alloc_shim_is_unstable_v2 + 366336\n4   chromedriver                        0x000000010442ad54 _RNvCsgXDX2mvAJAg_7___rustc35___rust_no_alloc_shim_is_unstable_v2 + 633800\n5   chromedriver                        0x00000001043ddef0 _RNvCsgXDX2mvAJAg_7___rustc35___rust_no_alloc_shim_is_unstable_v2 + 318820\n6   chromedriver                        0x00000001048560c8 cxxbridge1$str$ptr + 2692164\n7   chromedriver                        0x00000001048598dc cxxbridge1$str$ptr + 2706520\n8   chromedriver                        0x000000010483684c cxxbridge1$str$ptr + 2563016\n9   chromedriver                        0x000000010485a1b4 cxxbridge1$str$ptr + 2708784\n10  chromedriver                        0x00000001048280f4 cxxbridge1$str$ptr + 2503792\n11  chromedriver                        0x0000000104879498 cxxbridge1$str$ptr + 2836500\n12  chromedriver                        0x000000010487961c cxxbridge1$str$ptr + 2836888\n13  chromedriver                        0x000000010488a7d8 cxxbridge1$str$ptr + 2906964\n14  libsystem_pthread.dylib             0x000000019d9e9c08 _pthread_start + 136\n15  libsystem_pthread.dylib             0x000000019d9e4ba8 thread_start + 8","statusTrace":"self = <test.test_recipe.TestRecipe object at 0x107792350>\nauthorized_user = <selenium.webdriver.chrome.webdriver.WebDriver (session=\"64741328147adf041fa38f7bd16bc459\")>\n\n    @allure.title('Успешное создание рецепта')\n    @allure.description('Проверка создания нового рецепта с валидными данными')\n    def test_create_recipe_success(self, authorized_user):\n        import time\n        recipe_name = TestData.generate_recipe_name()\n    \n        with allure.step('Перейти на страницу создания рецепта'):\n            authorized_user.get(TestData.BASE_URL + \"/recipes/create\")\n            time.sleep(2)\n    \n        recipe_page = RecipePage(authorized_user)\n    \n        with allure.step('Заполнить название рецепта'):\n>           recipe_page.fill_recipe_name(recipe_name)\n\ntest/test_recipe.py:23: \n_ _ _ _ _ _ _ _ _ _ _ _ _ _ _ _ _ _ _ _ _ _ _ _ _ _ _ _ _ _ _ _ _ _ _ _ _ _ _ _ \npages/recipe_page.py:23: in fill_recipe_name\n    self.input_text(RecipePageLocators.NAME_INPUT, name)\npages/base_page.py:21: in input_text\n    element = self.find_element(locator)\npages/base_page.py:11: in find_element\n    return self.wait.until(EC.presence_of_element_located(locator))\n_ _ _ _ _ _ _ _ _ _ _ _ _ _ _ _ _ _ _ _ _ _ _ _ _ _ _ _ _ _ _ _ _ _ _ _ _ _ _ _ \n\nself = <selenium.webdriver.support.wait.WebDriverWait (session=\"64741328147adf041fa38f7bd16bc459\")>\nmethod = <function presence_of_element_located.<locals>._predicate at 0x1078a0180>\nmessage = ''\n\n    def until(self, method: Callable[[WebDriver], Union[Literal[False], T]], message: str = \"\") -> T:\n        \"\"\"Calls the method provided with the driver as an argument until the \\\n        return value does not evaluate to ``False``.\n    \n        :param method: callable(WebDriver)\n        :param message: optional message for :exc:`TimeoutException`\n        :returns: the result of the last call to `method`\n        :raises: :exc:`selenium.common.exceptions.TimeoutException` if timeout occurs\n        \"\"\"\n        screen = None\n        stacktrace = None\n    \n        end_time = time.monotonic() + self._timeout\n        while True:\n            try:\n                value = method(self._driver)\n                if value:\n                    return value\n            except self._ignored_exceptions as exc:\n                screen = getattr(exc, \"screen\", None)\n                stacktrace = getattr(exc, \"stacktrace\", None)\n            time.sleep(self._poll)\n            if time.monotonic() > end_time:\n                break\n>       raise TimeoutException(message, screen, stacktrace)\nE       selenium.common.exceptions.TimeoutException: Message: \nE       Stacktrace:\nE       0   chromedriver                        0x0000000104892ecc cxxbridge1$str$ptr + 2941512\nE       1   chromedriver                        0x000000010488ab88 cxxbridge1$str$ptr + 2907908\nE       2   chromedriver                        0x00000001043a22b0 _RNvCsgXDX2mvAJAg_7___rustc35___rust_no_alloc_shim_is_unstable_v2 + 74020\nE       3   chromedriver                        0x00000001043e988c _RNvCsgXDX2mvAJAg_7___rustc35___rust_no_alloc_shim_is_unstable_v2 + 366336\nE       4   chromedriver                        0x000000010442ad54 _RNvCsgXDX2mvAJAg_7___rustc35___rust_no_alloc_shim_is_unstable_v2 + 633800\nE       5   chromedriver                        0x00000001043ddef0 _RNvCsgXDX2mvAJAg_7___rustc35___rust_no_alloc_shim_is_unstable_v2 + 318820\nE       6   chromedriver                        0x00000001048560c8 cxxbridge1$str$ptr + 2692164\nE       7   chromedriver                        0x00000001048598dc cxxbridge1$str$ptr + 2706520\nE       8   chromedriver                        0x000000010483684c cxxbridge1$str$ptr + 2563016\nE       9   chromedriver                        0x000000010485a1b4 cxxbridge1$str$ptr + 2708784\nE       10  chromedriver                        0x00000001048280f4 cxxbridge1$str$ptr + 2503792\nE       11  chromedriver                        0x0000000104879498 cxxbridge1$str$ptr + 2836500\nE       12  chromedriver                        0x000000010487961c cxxbridge1$str$ptr + 2836888\nE       13  chromedriver                        0x000000010488a7d8 cxxbridge1$str$ptr + 2906964\nE       14  libsystem_pthread.dylib             0x000000019d9e9c08 _pthread_start + 136\nE       15  libsystem_pthread.dylib             0x000000019d9e4ba8 thread_start + 8\n\n/Library/Frameworks/Python.framework/Versions/3.13/lib/python3.13/site-packages/selenium/webdriver/support/wait.py:101: TimeoutException","steps":[{"name":"Перейти на страницу создания рецепта","time":{"start":1764169201010,"stop":1764169203246,"duration":2236},"status":"passed","steps":[],"attachments":[],"parameters":[],"shouldDisplayMessage":false,"attachmentsCount":0,"stepsCount":0,"hasContent":false,"attachmentStep":false},{"name":"Заполнить название рецепта","time":{"start":1764169203246,"stop":1764169218567,"duration":15321},"status":"broken","statusMessage":"selenium.common.exceptions.TimeoutException: Message: \nStacktrace:\n0   chromedriver                        0x0000000104892ecc cxxbridge1$str$ptr + 2941512\n1   chromedriver                        0x000000010488ab88 cxxbridge1$str$ptr + 2907908\n2   chromedriver                        0x00000001043a22b0 _RNvCsgXDX2mvAJAg_7___rustc35___rust_no_alloc_shim_is_unstable_v2 + 74020\n3   chromedriver                        0x00000001043e988c _RNvCsgXDX2mvAJAg_7___rustc35___rust_no_alloc_shim_is_unstable_v2 + 366336\n4   chromedriver                        0x000000010442ad54 _RNvCsgXDX2mvAJAg_7___rustc35___rust_no_alloc_shim_is_unstable_v2 + 633800\n5   chromedriver                        0x00000001043ddef0 _RNvCsgXDX2mvAJAg_7___rustc35___rust_no_alloc_shim_is_unstable_v2 + 318820\n6   chromedriver                        0x00000001048560c8 cxxbridge1$str$ptr + 2692164\n7   chromedriver                        0x00000001048598dc cxxbridge1$str$ptr + 2706520\n8   chromedriver                        0x000000010483684c cxxbridge1$str$ptr + 2563016\n9   chromedriver                        0x000000010485a1b4 cxxbridge1$str$ptr + 2708784\n10  chromedriver                        0x00000001048280f4 cxxbridge1$str$ptr + 2503792\n11  chromedriver                        0x0000000104879498 cxxbridge1$str$ptr + 2836500\n12  chromedriver                        0x000000010487961c cxxbridge1$str$ptr + 2836888\n13  chromedriver                        0x000000010488a7d8 cxxbridge1$str$ptr + 2906964\n14  libsystem_pthread.dylib             0x000000019d9e9c08 _pthread_start + 136\n15  libsystem_pthread.dylib             0x000000019d9e4ba8 thread_start + 8\n\n","statusTrace":"  File \"/Users/daryamelnik/Desktop/Sprint_9/test/test_recipe.py\", line 23, in test_create_recipe_success\n    recipe_page.fill_recipe_name(recipe_name)\n    ~~~~~~~~~~~~~~~~~~~~~~~~~~~~^^^^^^^^^^^^^\n  File \"/Users/daryamelnik/Desktop/Sprint_9/pages/recipe_page.py\", line 23, in fill_recipe_name\n    self.input_text(RecipePageLocators.NAME_INPUT, name)\n    ~~~~~~~~~~~~~~~^^^^^^^^^^^^^^^^^^^^^^^^^^^^^^^^^^^^^\n  File \"/Users/daryamelnik/Desktop/Sprint_9/pages/base_page.py\", line 21, in input_text\n    element = self.find_element(locator)\n  File \"/Users/daryamelnik/Desktop/Sprint_9/pages/base_page.py\", line 11, in find_element\n    return self.wait.until(EC.presence_of_element_located(locator))\n           ~~~~~~~~~~~~~~~^^^^^^^^^^^^^^^^^^^^^^^^^^^^^^^^^^^^^^^^^\n  File \"/Library/Frameworks/Python.framework/Versions/3.13/lib/python3.13/site-packages/selenium/webdriver/support/wait.py\", line 101, in until\n    raise TimeoutException(message, screen, stacktrace)\n","steps":[],"attachments":[],"parameters":[],"shouldDisplayMessage":true,"attachmentsCount":0,"stepsCount":0,"hasContent":true,"attachmentStep":false}],"attachments":[],"parameters":[],"shouldDisplayMessage":true,"attachmentsCount":0,"stepsCount":2,"hasContent":true,"attachmentStep":false},"afterStages":[{"name":"driver::0","time":{"start":1764169218604,"stop":1764169218685,"duration":81},"status":"passed","steps":[],"attachments":[],"parameters":[],"shouldDisplayMessage":false,"attachmentsCount":0,"stepsCount":0,"hasContent":false,"attachmentStep":false}],"labels":[{"name":"feature","value":"Создание рецепта"},{"name":"parentSuite","value":"test"},{"name":"suite","value":"test_recipe"},{"name":"subSuite","value":"TestRecipe"},{"name":"host","value":"Daryas-MacBook-Air.local"},{"name":"thread","value":"90059-MainThread"},{"name":"framework","value":"pytest"},{"name":"language","value":"cpython3"},{"name":"package","value":"test.test_recipe"},{"name":"resultFormat","value":"allure2"}],"parameters":[],"links":[],"hidden":true,"retry":true,"extra":{"categories":[],"tags":[]},"source":"ac61f7efc1110849.json","parameterValues":[]}