{"uid":"ae0641cc9e636e8b","name":"Успешная авторизация","fullName":"test.test_login.TestLogin#test_login_success","historyId":"8923030fcdbd9f306bb2b185c76bd721","time":{"start":1764168326205,"stop":1764168326833,"duration":628},"description":"Проверка авторизации с валидными учетными данными","descriptionHtml":"<p>Проверка авторизации с валидными учетными данными</p>\n","status":"broken","statusMessage":"selenium.common.exceptions.UnexpectedAlertPresentException: Alert Text: Невозможно войти с предоставленными учетными данными.\nMessage: unexpected alert open: {Alert text : Невозможно войти с предоставленными учетными данными.}\n  (Session info: chrome=142.0.7444.176)\nStacktrace:\n0   chromedriver                        0x0000000102b36ecc cxxbridge1$str$ptr + 2941512\n1   chromedriver                        0x0000000102b2eb88 cxxbridge1$str$ptr + 2907908\n2   chromedriver                        0x00000001026462b0 _RNvCsgXDX2mvAJAg_7___rustc35___rust_no_alloc_shim_is_unstable_v2 + 74020\n3   chromedriver                        0x00000001026cf4cc _RNvCsgXDX2mvAJAg_7___rustc35___rust_no_alloc_shim_is_unstable_v2 + 635712\n4   chromedriver                        0x0000000102681ef0 _RNvCsgXDX2mvAJAg_7___rustc35___rust_no_alloc_shim_is_unstable_v2 + 318820\n5   chromedriver                        0x0000000102afa0c8 cxxbridge1$str$ptr + 2692164\n6   chromedriver                        0x0000000102afd8dc cxxbridge1$str$ptr + 2706520\n7   chromedriver                        0x0000000102ada84c cxxbridge1$str$ptr + 2563016\n8   chromedriver                        0x0000000102afe1b4 cxxbridge1$str$ptr + 2708784\n9   chromedriver                        0x0000000102acc0f4 cxxbridge1$str$ptr + 2503792\n10  chromedriver                        0x0000000102b1d498 cxxbridge1$str$ptr + 2836500\n11  chromedriver                        0x0000000102b1d61c cxxbridge1$str$ptr + 2836888\n12  chromedriver                        0x0000000102b2e7d8 cxxbridge1$str$ptr + 2906964\n13  libsystem_pthread.dylib             0x000000019d9e9c08 _pthread_start + 136\n14  libsystem_pthread.dylib             0x000000019d9e4ba8 thread_start + 8","statusTrace":"self = <test.test_login.TestLogin object at 0x10b41e0d0>\ndriver = <selenium.webdriver.chrome.webdriver.WebDriver (session=\"05fca4d9791460c24d73e30fc925e7c7\")>\nregistered_user = {'email': 'test_1764168322041_efeia@example.com', 'first_name': 'Test', 'last_name': 'User', 'password': 'TestPass123!@#', ...}\n\n    @allure.title('Успешная авторизация')\n    @allure.description('Проверка авторизации с валидными учетными данными')\n    def test_login_success(self, driver, registered_user):\n        login_page = LoginPage(driver)\n        main_page = MainPage(driver)\n    \n        with allure.step('Переход на страницу входа'):\n            try:\n                login_page.wait_for_url_contains(\"/signin\")\n            except:\n                driver.get(\"https://foodgram-frontend-1.prakticum-team.ru/signin\")\n    \n        with allure.step('Заполнить все поля формы авторизации'):\n            login_page.fill_login_form(\n                registered_user[\"email\"],\n                registered_user[\"password\"]\n            )\n    \n        with allure.step('Нажать кнопку \"Войти\"'):\n            login_page.click_login_button()\n    \n        with allure.step('Обработка возможного alert'):\n            try:\n                driver.switch_to.alert.accept()\n            except:\n                pass\n    \n        with allure.step('Ожидание перехода на главную страницу'):\n>           main_page.wait_for_url_contains(\"/recipes\")\n\ntest/test_login.py:37: \n_ _ _ _ _ _ _ _ _ _ _ _ _ _ _ _ _ _ _ _ _ _ _ _ _ _ _ _ _ _ _ _ _ _ _ _ _ _ _ _ \npages/base_page.py:40: in wait_for_url_contains\n    self.wait.until(EC.url_contains(url_part))\n/Library/Frameworks/Python.framework/Versions/3.13/lib/python3.13/site-packages/selenium/webdriver/support/wait.py:92: in until\n    value = method(self._driver)\n/Library/Frameworks/Python.framework/Versions/3.13/lib/python3.13/site-packages/selenium/webdriver/support/expected_conditions.py:94: in _predicate\n    return url in driver.current_url\n/Library/Frameworks/Python.framework/Versions/3.13/lib/python3.13/site-packages/selenium/webdriver/remote/webdriver.py:437: in current_url\n    return self.execute(Command.GET_CURRENT_URL)[\"value\"]\n/Library/Frameworks/Python.framework/Versions/3.13/lib/python3.13/site-packages/selenium/webdriver/remote/webdriver.py:347: in execute\n    self.error_handler.check_response(response)\n_ _ _ _ _ _ _ _ _ _ _ _ _ _ _ _ _ _ _ _ _ _ _ _ _ _ _ _ _ _ _ _ _ _ _ _ _ _ _ _ \n\nself = <selenium.webdriver.remote.errorhandler.ErrorHandler object at 0x10b487cb0>\nresponse = {'status': 500, 'value': '{\"value\":{\"data\":{\"text\":\"Невозможно войти с предоставленными учетными данными.\"},\"error\":\"u...00019d9e9c08 _pthread_start + 136\\\\n14  libsystem_pthread.dylib             0x000000019d9e4ba8 thread_start + 8\\\\n\"}}'}\n\n    def check_response(self, response: Dict[str, Any]) -> None:\n        \"\"\"Checks that a JSON response from the WebDriver does not have an\n        error.\n    \n        :Args:\n         - response - The JSON response from the WebDriver server as a dictionary\n           object.\n    \n        :Raises: If the response contains an error message.\n        \"\"\"\n        status = response.get(\"status\", None)\n        if not status or status == ErrorCode.SUCCESS:\n            return\n        value = None\n        message = response.get(\"message\", \"\")\n        screen: str = response.get(\"screen\", \"\")\n        stacktrace = None\n        if isinstance(status, int):\n            value_json = response.get(\"value\", None)\n            if value_json and isinstance(value_json, str):\n                import json\n    \n                try:\n                    value = json.loads(value_json)\n                    if len(value) == 1:\n                        value = value[\"value\"]\n                    status = value.get(\"error\", None)\n                    if not status:\n                        status = value.get(\"status\", ErrorCode.UNKNOWN_ERROR)\n                        message = value.get(\"value\") or value.get(\"message\")\n                        if not isinstance(message, str):\n                            value = message\n                            message = message.get(\"message\")\n                    else:\n                        message = value.get(\"message\", None)\n                except ValueError:\n                    pass\n    \n        exception_class: Type[WebDriverException]\n        e = ErrorCode()\n        error_codes = [item for item in dir(e) if not item.startswith(\"__\")]\n        for error_code in error_codes:\n            error_info = getattr(ErrorCode, error_code)\n            if isinstance(error_info, list) and status in error_info:\n                exception_class = getattr(ExceptionMapping, error_code, WebDriverException)\n                break\n        else:\n            exception_class = WebDriverException\n    \n        if not value:\n            value = response[\"value\"]\n        if isinstance(value, str):\n            raise exception_class(value)\n        if message == \"\" and \"message\" in value:\n            message = value[\"message\"]\n    \n        screen = None  # type: ignore[assignment]\n        if \"screen\" in value:\n            screen = value[\"screen\"]\n    \n        stacktrace = None\n        st_value = value.get(\"stackTrace\") or value.get(\"stacktrace\")\n        if st_value:\n            if isinstance(st_value, str):\n                stacktrace = st_value.split(\"\\n\")\n            else:\n                stacktrace = []\n                try:\n                    for frame in st_value:\n                        line = frame.get(\"lineNumber\", \"\")\n                        file = frame.get(\"fileName\", \"<anonymous>\")\n                        if line:\n                            file = f\"{file}:{line}\"\n                        meth = frame.get(\"methodName\", \"<anonymous>\")\n                        if \"className\" in frame:\n                            meth = f\"{frame['className']}.{meth}\"\n                        msg = \"    at %s (%s)\"\n                        msg = msg % (meth, file)\n                        stacktrace.append(msg)\n                except TypeError:\n                    pass\n        if exception_class == UnexpectedAlertPresentException:\n            alert_text = None\n            if \"data\" in value:\n                alert_text = value[\"data\"].get(\"text\")\n            elif \"alert\" in value:\n                alert_text = value[\"alert\"].get(\"text\")\n>           raise exception_class(message, screen, stacktrace, alert_text)  # type: ignore[call-arg]  # mypy is not smart enough here\nE           selenium.common.exceptions.UnexpectedAlertPresentException: Alert Text: Невозможно войти с предоставленными учетными данными.\nE           Message: unexpected alert open: {Alert text : Невозможно войти с предоставленными учетными данными.}\nE             (Session info: chrome=142.0.7444.176)\nE           Stacktrace:\nE           0   chromedriver                        0x0000000102b36ecc cxxbridge1$str$ptr + 2941512\nE           1   chromedriver                        0x0000000102b2eb88 cxxbridge1$str$ptr + 2907908\nE           2   chromedriver                        0x00000001026462b0 _RNvCsgXDX2mvAJAg_7___rustc35___rust_no_alloc_shim_is_unstable_v2 + 74020\nE           3   chromedriver                        0x00000001026cf4cc _RNvCsgXDX2mvAJAg_7___rustc35___rust_no_alloc_shim_is_unstable_v2 + 635712\nE           4   chromedriver                        0x0000000102681ef0 _RNvCsgXDX2mvAJAg_7___rustc35___rust_no_alloc_shim_is_unstable_v2 + 318820\nE           5   chromedriver                        0x0000000102afa0c8 cxxbridge1$str$ptr + 2692164\nE           6   chromedriver                        0x0000000102afd8dc cxxbridge1$str$ptr + 2706520\nE           7   chromedriver                        0x0000000102ada84c cxxbridge1$str$ptr + 2563016\nE           8   chromedriver                        0x0000000102afe1b4 cxxbridge1$str$ptr + 2708784\nE           9   chromedriver                        0x0000000102acc0f4 cxxbridge1$str$ptr + 2503792\nE           10  chromedriver                        0x0000000102b1d498 cxxbridge1$str$ptr + 2836500\nE           11  chromedriver                        0x0000000102b1d61c cxxbridge1$str$ptr + 2836888\nE           12  chromedriver                        0x0000000102b2e7d8 cxxbridge1$str$ptr + 2906964\nE           13  libsystem_pthread.dylib             0x000000019d9e9c08 _pthread_start + 136\nE           14  libsystem_pthread.dylib             0x000000019d9e4ba8 thread_start + 8\n\n/Library/Frameworks/Python.framework/Versions/3.13/lib/python3.13/site-packages/selenium/webdriver/remote/errorhandler.py:228: UnexpectedAlertPresentException","flaky":false,"newFailed":false,"newBroken":false,"newPassed":false,"retriesCount":0,"retriesStatusChange":false,"beforeStages":[{"name":"_session_faker","time":{"start":1764168320970,"stop":1764168320985,"duration":15},"status":"passed","steps":[],"attachments":[],"parameters":[],"shouldDisplayMessage":false,"attachmentsCount":0,"stepsCount":0,"hasContent":false,"attachmentStep":false},{"name":"_verify_url","time":{"start":1764168320985,"stop":1764168320985,"duration":0},"status":"passed","steps":[],"attachments":[],"parameters":[],"shouldDisplayMessage":false,"attachmentsCount":0,"stepsCount":0,"hasContent":false,"attachmentStep":false},{"name":"base_url","time":{"start":1764168320985,"stop":1764168320985,"duration":0},"status":"passed","steps":[],"attachments":[],"parameters":[],"shouldDisplayMessage":false,"attachmentsCount":0,"stepsCount":0,"hasContent":false,"attachmentStep":false},{"name":"sensitive_url","time":{"start":1764168320985,"stop":1764168320986,"duration":1},"status":"passed","steps":[],"attachments":[],"parameters":[],"shouldDisplayMessage":false,"attachmentsCount":0,"stepsCount":0,"hasContent":false,"attachmentStep":false},{"name":"_skip_sensitive","time":{"start":1764168320986,"stop":1764168320986,"duration":0},"status":"passed","steps":[],"attachments":[],"parameters":[],"shouldDisplayMessage":false,"attachmentsCount":0,"stepsCount":0,"hasContent":false,"attachmentStep":false},{"name":"driver","time":{"start":1764168320986,"stop":1764168322041,"duration":1055},"status":"passed","steps":[],"attachments":[],"parameters":[],"shouldDisplayMessage":false,"attachmentsCount":0,"stepsCount":0,"hasContent":false,"attachmentStep":false},{"name":"chrome_options","time":{"start":1764168320986,"stop":1764168320986,"duration":0},"status":"passed","steps":[],"attachments":[],"parameters":[],"shouldDisplayMessage":false,"attachmentsCount":0,"stepsCount":0,"hasContent":false,"attachmentStep":false},{"name":"user_data","time":{"start":1764168322041,"stop":1764168322042,"duration":1},"status":"passed","steps":[],"attachments":[],"parameters":[],"shouldDisplayMessage":false,"attachmentsCount":0,"stepsCount":0,"hasContent":false,"attachmentStep":false},{"name":"registered_user","time":{"start":1764168322042,"stop":1764168326203,"duration":4161},"status":"passed","steps":[],"attachments":[],"parameters":[],"shouldDisplayMessage":false,"attachmentsCount":0,"stepsCount":0,"hasContent":false,"attachmentStep":false}],"testStage":{"description":"Проверка авторизации с валидными учетными данными","status":"broken","statusMessage":"selenium.common.exceptions.UnexpectedAlertPresentException: Alert Text: Невозможно войти с предоставленными учетными данными.\nMessage: unexpected alert open: {Alert text : Невозможно войти с предоставленными учетными данными.}\n  (Session info: chrome=142.0.7444.176)\nStacktrace:\n0   chromedriver                        0x0000000102b36ecc cxxbridge1$str$ptr + 2941512\n1   chromedriver                        0x0000000102b2eb88 cxxbridge1$str$ptr + 2907908\n2   chromedriver                        0x00000001026462b0 _RNvCsgXDX2mvAJAg_7___rustc35___rust_no_alloc_shim_is_unstable_v2 + 74020\n3   chromedriver                        0x00000001026cf4cc _RNvCsgXDX2mvAJAg_7___rustc35___rust_no_alloc_shim_is_unstable_v2 + 635712\n4   chromedriver                        0x0000000102681ef0 _RNvCsgXDX2mvAJAg_7___rustc35___rust_no_alloc_shim_is_unstable_v2 + 318820\n5   chromedriver                        0x0000000102afa0c8 cxxbridge1$str$ptr + 2692164\n6   chromedriver                        0x0000000102afd8dc cxxbridge1$str$ptr + 2706520\n7   chromedriver                        0x0000000102ada84c cxxbridge1$str$ptr + 2563016\n8   chromedriver                        0x0000000102afe1b4 cxxbridge1$str$ptr + 2708784\n9   chromedriver                        0x0000000102acc0f4 cxxbridge1$str$ptr + 2503792\n10  chromedriver                        0x0000000102b1d498 cxxbridge1$str$ptr + 2836500\n11  chromedriver                        0x0000000102b1d61c cxxbridge1$str$ptr + 2836888\n12  chromedriver                        0x0000000102b2e7d8 cxxbridge1$str$ptr + 2906964\n13  libsystem_pthread.dylib             0x000000019d9e9c08 _pthread_start + 136\n14  libsystem_pthread.dylib             0x000000019d9e4ba8 thread_start + 8","statusTrace":"self = <test.test_login.TestLogin object at 0x10b41e0d0>\ndriver = <selenium.webdriver.chrome.webdriver.WebDriver (session=\"05fca4d9791460c24d73e30fc925e7c7\")>\nregistered_user = {'email': 'test_1764168322041_efeia@example.com', 'first_name': 'Test', 'last_name': 'User', 'password': 'TestPass123!@#', ...}\n\n    @allure.title('Успешная авторизация')\n    @allure.description('Проверка авторизации с валидными учетными данными')\n    def test_login_success(self, driver, registered_user):\n        login_page = LoginPage(driver)\n        main_page = MainPage(driver)\n    \n        with allure.step('Переход на страницу входа'):\n            try:\n                login_page.wait_for_url_contains(\"/signin\")\n            except:\n                driver.get(\"https://foodgram-frontend-1.prakticum-team.ru/signin\")\n    \n        with allure.step('Заполнить все поля формы авторизации'):\n            login_page.fill_login_form(\n                registered_user[\"email\"],\n                registered_user[\"password\"]\n            )\n    \n        with allure.step('Нажать кнопку \"Войти\"'):\n            login_page.click_login_button()\n    \n        with allure.step('Обработка возможного alert'):\n            try:\n                driver.switch_to.alert.accept()\n            except:\n                pass\n    \n        with allure.step('Ожидание перехода на главную страницу'):\n>           main_page.wait_for_url_contains(\"/recipes\")\n\ntest/test_login.py:37: \n_ _ _ _ _ _ _ _ _ _ _ _ _ _ _ _ _ _ _ _ _ _ _ _ _ _ _ _ _ _ _ _ _ _ _ _ _ _ _ _ \npages/base_page.py:40: in wait_for_url_contains\n    self.wait.until(EC.url_contains(url_part))\n/Library/Frameworks/Python.framework/Versions/3.13/lib/python3.13/site-packages/selenium/webdriver/support/wait.py:92: in until\n    value = method(self._driver)\n/Library/Frameworks/Python.framework/Versions/3.13/lib/python3.13/site-packages/selenium/webdriver/support/expected_conditions.py:94: in _predicate\n    return url in driver.current_url\n/Library/Frameworks/Python.framework/Versions/3.13/lib/python3.13/site-packages/selenium/webdriver/remote/webdriver.py:437: in current_url\n    return self.execute(Command.GET_CURRENT_URL)[\"value\"]\n/Library/Frameworks/Python.framework/Versions/3.13/lib/python3.13/site-packages/selenium/webdriver/remote/webdriver.py:347: in execute\n    self.error_handler.check_response(response)\n_ _ _ _ _ _ _ _ _ _ _ _ _ _ _ _ _ _ _ _ _ _ _ _ _ _ _ _ _ _ _ _ _ _ _ _ _ _ _ _ \n\nself = <selenium.webdriver.remote.errorhandler.ErrorHandler object at 0x10b487cb0>\nresponse = {'status': 500, 'value': '{\"value\":{\"data\":{\"text\":\"Невозможно войти с предоставленными учетными данными.\"},\"error\":\"u...00019d9e9c08 _pthread_start + 136\\\\n14  libsystem_pthread.dylib             0x000000019d9e4ba8 thread_start + 8\\\\n\"}}'}\n\n    def check_response(self, response: Dict[str, Any]) -> None:\n        \"\"\"Checks that a JSON response from the WebDriver does not have an\n        error.\n    \n        :Args:\n         - response - The JSON response from the WebDriver server as a dictionary\n           object.\n    \n        :Raises: If the response contains an error message.\n        \"\"\"\n        status = response.get(\"status\", None)\n        if not status or status == ErrorCode.SUCCESS:\n            return\n        value = None\n        message = response.get(\"message\", \"\")\n        screen: str = response.get(\"screen\", \"\")\n        stacktrace = None\n        if isinstance(status, int):\n            value_json = response.get(\"value\", None)\n            if value_json and isinstance(value_json, str):\n                import json\n    \n                try:\n                    value = json.loads(value_json)\n                    if len(value) == 1:\n                        value = value[\"value\"]\n                    status = value.get(\"error\", None)\n                    if not status:\n                        status = value.get(\"status\", ErrorCode.UNKNOWN_ERROR)\n                        message = value.get(\"value\") or value.get(\"message\")\n                        if not isinstance(message, str):\n                            value = message\n                            message = message.get(\"message\")\n                    else:\n                        message = value.get(\"message\", None)\n                except ValueError:\n                    pass\n    \n        exception_class: Type[WebDriverException]\n        e = ErrorCode()\n        error_codes = [item for item in dir(e) if not item.startswith(\"__\")]\n        for error_code in error_codes:\n            error_info = getattr(ErrorCode, error_code)\n            if isinstance(error_info, list) and status in error_info:\n                exception_class = getattr(ExceptionMapping, error_code, WebDriverException)\n                break\n        else:\n            exception_class = WebDriverException\n    \n        if not value:\n            value = response[\"value\"]\n        if isinstance(value, str):\n            raise exception_class(value)\n        if message == \"\" and \"message\" in value:\n            message = value[\"message\"]\n    \n        screen = None  # type: ignore[assignment]\n        if \"screen\" in value:\n            screen = value[\"screen\"]\n    \n        stacktrace = None\n        st_value = value.get(\"stackTrace\") or value.get(\"stacktrace\")\n        if st_value:\n            if isinstance(st_value, str):\n                stacktrace = st_value.split(\"\\n\")\n            else:\n                stacktrace = []\n                try:\n                    for frame in st_value:\n                        line = frame.get(\"lineNumber\", \"\")\n                        file = frame.get(\"fileName\", \"<anonymous>\")\n                        if line:\n                            file = f\"{file}:{line}\"\n                        meth = frame.get(\"methodName\", \"<anonymous>\")\n                        if \"className\" in frame:\n                            meth = f\"{frame['className']}.{meth}\"\n                        msg = \"    at %s (%s)\"\n                        msg = msg % (meth, file)\n                        stacktrace.append(msg)\n                except TypeError:\n                    pass\n        if exception_class == UnexpectedAlertPresentException:\n            alert_text = None\n            if \"data\" in value:\n                alert_text = value[\"data\"].get(\"text\")\n            elif \"alert\" in value:\n                alert_text = value[\"alert\"].get(\"text\")\n>           raise exception_class(message, screen, stacktrace, alert_text)  # type: ignore[call-arg]  # mypy is not smart enough here\nE           selenium.common.exceptions.UnexpectedAlertPresentException: Alert Text: Невозможно войти с предоставленными учетными данными.\nE           Message: unexpected alert open: {Alert text : Невозможно войти с предоставленными учетными данными.}\nE             (Session info: chrome=142.0.7444.176)\nE           Stacktrace:\nE           0   chromedriver                        0x0000000102b36ecc cxxbridge1$str$ptr + 2941512\nE           1   chromedriver                        0x0000000102b2eb88 cxxbridge1$str$ptr + 2907908\nE           2   chromedriver                        0x00000001026462b0 _RNvCsgXDX2mvAJAg_7___rustc35___rust_no_alloc_shim_is_unstable_v2 + 74020\nE           3   chromedriver                        0x00000001026cf4cc _RNvCsgXDX2mvAJAg_7___rustc35___rust_no_alloc_shim_is_unstable_v2 + 635712\nE           4   chromedriver                        0x0000000102681ef0 _RNvCsgXDX2mvAJAg_7___rustc35___rust_no_alloc_shim_is_unstable_v2 + 318820\nE           5   chromedriver                        0x0000000102afa0c8 cxxbridge1$str$ptr + 2692164\nE           6   chromedriver                        0x0000000102afd8dc cxxbridge1$str$ptr + 2706520\nE           7   chromedriver                        0x0000000102ada84c cxxbridge1$str$ptr + 2563016\nE           8   chromedriver                        0x0000000102afe1b4 cxxbridge1$str$ptr + 2708784\nE           9   chromedriver                        0x0000000102acc0f4 cxxbridge1$str$ptr + 2503792\nE           10  chromedriver                        0x0000000102b1d498 cxxbridge1$str$ptr + 2836500\nE           11  chromedriver                        0x0000000102b1d61c cxxbridge1$str$ptr + 2836888\nE           12  chromedriver                        0x0000000102b2e7d8 cxxbridge1$str$ptr + 2906964\nE           13  libsystem_pthread.dylib             0x000000019d9e9c08 _pthread_start + 136\nE           14  libsystem_pthread.dylib             0x000000019d9e4ba8 thread_start + 8\n\n/Library/Frameworks/Python.framework/Versions/3.13/lib/python3.13/site-packages/selenium/webdriver/remote/errorhandler.py:228: UnexpectedAlertPresentException","steps":[{"name":"Переход на страницу входа","time":{"start":1764168326205,"stop":1764168326210,"duration":5},"status":"passed","steps":[],"attachments":[],"parameters":[],"shouldDisplayMessage":false,"attachmentsCount":0,"stepsCount":0,"hasContent":false,"attachmentStep":false},{"name":"Заполнить все поля формы авторизации","time":{"start":1764168326211,"stop":1764168326297,"duration":86},"status":"passed","steps":[],"attachments":[],"parameters":[],"shouldDisplayMessage":false,"attachmentsCount":0,"stepsCount":0,"hasContent":false,"attachmentStep":false},{"name":"Нажать кнопку \"Войти\"","time":{"start":1764168326297,"stop":1764168326322,"duration":25},"status":"passed","steps":[],"attachments":[],"parameters":[],"shouldDisplayMessage":false,"attachmentsCount":0,"stepsCount":0,"hasContent":false,"attachmentStep":false},{"name":"Обработка возможного alert","time":{"start":1764168326322,"stop":1764168326322,"duration":0},"status":"passed","steps":[],"attachments":[],"parameters":[],"shouldDisplayMessage":false,"attachmentsCount":0,"stepsCount":0,"hasContent":false,"attachmentStep":false},{"name":"Ожидание перехода на главную страницу","time":{"start":1764168326322,"stop":1764168326827,"duration":505},"status":"broken","statusMessage":"selenium.common.exceptions.UnexpectedAlertPresentException: Alert Text: Невозможно войти с предоставленными учетными данными.\nMessage: unexpected alert open: {Alert text : Невозможно войти с предоставленными учетными данными.}\n  (Session info: chrome=142.0.7444.176)\nStacktrace:\n0   chromedriver                        0x0000000102b36ecc cxxbridge1$str$ptr + 2941512\n1   chromedriver                        0x0000000102b2eb88 cxxbridge1$str$ptr + 2907908\n2   chromedriver                        0x00000001026462b0 _RNvCsgXDX2mvAJAg_7___rustc35___rust_no_alloc_shim_is_unstable_v2 + 74020\n3   chromedriver                        0x00000001026cf4cc _RNvCsgXDX2mvAJAg_7___rustc35___rust_no_alloc_shim_is_unstable_v2 + 635712\n4   chromedriver                        0x0000000102681ef0 _RNvCsgXDX2mvAJAg_7___rustc35___rust_no_alloc_shim_is_unstable_v2 + 318820\n5   chromedriver                        0x0000000102afa0c8 cxxbridge1$str$ptr + 2692164\n6   chromedriver                        0x0000000102afd8dc cxxbridge1$str$ptr + 2706520\n7   chromedriver                        0x0000000102ada84c cxxbridge1$str$ptr + 2563016\n8   chromedriver                        0x0000000102afe1b4 cxxbridge1$str$ptr + 2708784\n9   chromedriver                        0x0000000102acc0f4 cxxbridge1$str$ptr + 2503792\n10  chromedriver                        0x0000000102b1d498 cxxbridge1$str$ptr + 2836500\n11  chromedriver                        0x0000000102b1d61c cxxbridge1$str$ptr + 2836888\n12  chromedriver                        0x0000000102b2e7d8 cxxbridge1$str$ptr + 2906964\n13  libsystem_pthread.dylib             0x000000019d9e9c08 _pthread_start + 136\n14  libsystem_pthread.dylib             0x000000019d9e4ba8 thread_start + 8\n\n","statusTrace":"  File \"/Users/daryamelnik/Desktop/Sprint_9/test/test_login.py\", line 37, in test_login_success\n    main_page.wait_for_url_contains(\"/recipes\")\n    ~~~~~~~~~~~~~~~~~~~~~~~~~~~~~~~^^^^^^^^^^^^\n  File \"/Users/daryamelnik/Desktop/Sprint_9/pages/base_page.py\", line 40, in wait_for_url_contains\n    self.wait.until(EC.url_contains(url_part))\n    ~~~~~~~~~~~~~~~^^^^^^^^^^^^^^^^^^^^^^^^^^^\n  File \"/Library/Frameworks/Python.framework/Versions/3.13/lib/python3.13/site-packages/selenium/webdriver/support/wait.py\", line 92, in until\n    value = method(self._driver)\n  File \"/Library/Frameworks/Python.framework/Versions/3.13/lib/python3.13/site-packages/selenium/webdriver/support/expected_conditions.py\", line 94, in _predicate\n    return url in driver.current_url\n                  ^^^^^^^^^^^^^^^^^^\n  File \"/Library/Frameworks/Python.framework/Versions/3.13/lib/python3.13/site-packages/selenium/webdriver/remote/webdriver.py\", line 437, in current_url\n    return self.execute(Command.GET_CURRENT_URL)[\"value\"]\n           ~~~~~~~~~~~~^^^^^^^^^^^^^^^^^^^^^^^^^\n  File \"/Library/Frameworks/Python.framework/Versions/3.13/lib/python3.13/site-packages/selenium/webdriver/remote/webdriver.py\", line 347, in execute\n    self.error_handler.check_response(response)\n    ~~~~~~~~~~~~~~~~~~~~~~~~~~~~~~~~~^^^^^^^^^^\n  File \"/Library/Frameworks/Python.framework/Versions/3.13/lib/python3.13/site-packages/selenium/webdriver/remote/errorhandler.py\", line 228, in check_response\n    raise exception_class(message, screen, stacktrace, alert_text)  # type: ignore[call-arg]  # mypy is not smart enough here\n    ^^^^^^^^^^^^^^^^^^^^^^^^^^^^^^^^^^^^^^^^^^^^^^^^^^^^^^^^^^^^^^\n","steps":[],"attachments":[],"parameters":[],"shouldDisplayMessage":true,"attachmentsCount":0,"stepsCount":0,"hasContent":true,"attachmentStep":false}],"attachments":[],"parameters":[],"shouldDisplayMessage":true,"attachmentsCount":0,"stepsCount":5,"hasContent":true,"attachmentStep":false},"afterStages":[{"name":"driver::0","time":{"start":1764168326863,"stop":1764168326937,"duration":74},"status":"passed","steps":[],"attachments":[],"parameters":[],"shouldDisplayMessage":false,"attachmentsCount":0,"stepsCount":0,"hasContent":false,"attachmentStep":false}],"labels":[{"name":"feature","value":"Авторизация"},{"name":"parentSuite","value":"test"},{"name":"suite","value":"test_login"},{"name":"subSuite","value":"TestLogin"},{"name":"host","value":"Daryas-MacBook-Air.local"},{"name":"thread","value":"88688-MainThread"},{"name":"framework","value":"pytest"},{"name":"language","value":"cpython3"},{"name":"package","value":"test.test_login"},{"name":"resultFormat","value":"allure2"}],"parameters":[],"links":[],"hidden":true,"retry":true,"extra":{"categories":[],"tags":[]},"source":"ae0641cc9e636e8b.json","parameterValues":[]}