{"uid":"b6f55c888cb7821b","name":"Успешная авторизация","fullName":"test.test_login.TestLogin#test_login_success","historyId":"8923030fcdbd9f306bb2b185c76bd721","time":{"start":1764169077969,"stop":1764169100053,"duration":22084},"description":"Проверка авторизации с валидными учетными данными","descriptionHtml":"<p>Проверка авторизации с валидными учетными данными</p>\n","status":"failed","statusMessage":"AssertionError: assert False\n +  where False = <bound method MainPage.is_logout_button_visible of <pages.main_page.MainPage object at 0x1076902f0>>()\n +    where <bound method MainPage.is_logout_button_visible of <pages.main_page.MainPage object at 0x1076902f0>> = <pages.main_page.MainPage object at 0x1076902f0>.is_logout_button_visible","statusTrace":"self = <test.test_login.TestLogin object at 0x10761dbd0>\ndriver = <selenium.webdriver.chrome.webdriver.WebDriver (session=\"058fa32474665aa57e3d1c7870a2e766\")>\nmanual_user = {'email': 'darya.melnik000@gmail.com', 'password': '2DJfz6zXsicCaVH', 'username': 'darya.melnik000@gmail.com'}\n\n    @allure.title('Успешная авторизация')\n    @allure.description('Проверка авторизации с валидными учетными данными')\n    def test_login_success(self, driver, manual_user):\n        import time\n        login_page = LoginPage(driver)\n        main_page = MainPage(driver)\n    \n        with allure.step('Переход на страницу входа'):\n            driver.get(\"https://foodgram-frontend-1.prakticum-team.ru/signin\")\n            time.sleep(1)\n    \n        with allure.step('Заполнить все поля формы авторизации'):\n            login_page.fill_login_form(\n                manual_user[\"email\"],\n                manual_user[\"password\"]\n            )\n    \n        with allure.step('Нажать кнопку \"Войти\"'):\n            login_page.click_login_button()\n    \n        with allure.step('Обработка возможного alert'):\n            time.sleep(2)\n            try:\n                driver.switch_to.alert.accept()\n            except:\n                pass\n    \n        with allure.step('Ожидание перехода на главную страницу'):\n            time.sleep(1)\n            main_page.wait_for_url_contains(\"/recipes\")\n    \n        with allure.step('Проверить переход на главную страницу'):\n            assert \"/recipes\" in main_page.get_current_url()\n    \n        with allure.step('Проверить отображение кнопки \"Выход\"'):\n>           assert main_page.is_logout_button_visible()\nE           assert False\nE            +  where False = <bound method MainPage.is_logout_button_visible of <pages.main_page.MainPage object at 0x1076902f0>>()\nE            +    where <bound method MainPage.is_logout_button_visible of <pages.main_page.MainPage object at 0x1076902f0>> = <pages.main_page.MainPage object at 0x1076902f0>.is_logout_button_visible\n\ntest/test_login.py:44: AssertionError","flaky":false,"newFailed":false,"newBroken":false,"newPassed":false,"retriesCount":0,"retriesStatusChange":false,"beforeStages":[{"name":"_session_faker","time":{"start":1764169076915,"stop":1764169076932,"duration":17},"status":"passed","steps":[],"attachments":[],"parameters":[],"shouldDisplayMessage":false,"attachmentsCount":0,"stepsCount":0,"hasContent":false,"attachmentStep":false},{"name":"_skip_sensitive","time":{"start":1764169076932,"stop":1764169076932,"duration":0},"status":"passed","steps":[],"attachments":[],"parameters":[],"shouldDisplayMessage":false,"attachmentsCount":0,"stepsCount":0,"hasContent":false,"attachmentStep":false},{"name":"base_url","time":{"start":1764169076932,"stop":1764169076932,"duration":0},"status":"passed","steps":[],"attachments":[],"parameters":[],"shouldDisplayMessage":false,"attachmentsCount":0,"stepsCount":0,"hasContent":false,"attachmentStep":false},{"name":"driver","time":{"start":1764169076932,"stop":1764169077966,"duration":1034},"status":"passed","steps":[],"attachments":[],"parameters":[],"shouldDisplayMessage":false,"attachmentsCount":0,"stepsCount":0,"hasContent":false,"attachmentStep":false},{"name":"chrome_options","time":{"start":1764169076932,"stop":1764169076932,"duration":0},"status":"passed","steps":[],"attachments":[],"parameters":[],"shouldDisplayMessage":false,"attachmentsCount":0,"stepsCount":0,"hasContent":false,"attachmentStep":false},{"name":"_verify_url","time":{"start":1764169076932,"stop":1764169076932,"duration":0},"status":"passed","steps":[],"attachments":[],"parameters":[],"shouldDisplayMessage":false,"attachmentsCount":0,"stepsCount":0,"hasContent":false,"attachmentStep":false},{"name":"sensitive_url","time":{"start":1764169076932,"stop":1764169076932,"duration":0},"status":"passed","steps":[],"attachments":[],"parameters":[],"shouldDisplayMessage":false,"attachmentsCount":0,"stepsCount":0,"hasContent":false,"attachmentStep":false},{"name":"manual_user","time":{"start":1764169077966,"stop":1764169077966,"duration":0},"status":"passed","steps":[],"attachments":[],"parameters":[],"shouldDisplayMessage":false,"attachmentsCount":0,"stepsCount":0,"hasContent":false,"attachmentStep":false}],"testStage":{"description":"Проверка авторизации с валидными учетными данными","status":"failed","statusMessage":"AssertionError: assert False\n +  where False = <bound method MainPage.is_logout_button_visible of <pages.main_page.MainPage object at 0x1076902f0>>()\n +    where <bound method MainPage.is_logout_button_visible of <pages.main_page.MainPage object at 0x1076902f0>> = <pages.main_page.MainPage object at 0x1076902f0>.is_logout_button_visible","statusTrace":"self = <test.test_login.TestLogin object at 0x10761dbd0>\ndriver = <selenium.webdriver.chrome.webdriver.WebDriver (session=\"058fa32474665aa57e3d1c7870a2e766\")>\nmanual_user = {'email': 'darya.melnik000@gmail.com', 'password': '2DJfz6zXsicCaVH', 'username': 'darya.melnik000@gmail.com'}\n\n    @allure.title('Успешная авторизация')\n    @allure.description('Проверка авторизации с валидными учетными данными')\n    def test_login_success(self, driver, manual_user):\n        import time\n        login_page = LoginPage(driver)\n        main_page = MainPage(driver)\n    \n        with allure.step('Переход на страницу входа'):\n            driver.get(\"https://foodgram-frontend-1.prakticum-team.ru/signin\")\n            time.sleep(1)\n    \n        with allure.step('Заполнить все поля формы авторизации'):\n            login_page.fill_login_form(\n                manual_user[\"email\"],\n                manual_user[\"password\"]\n            )\n    \n        with allure.step('Нажать кнопку \"Войти\"'):\n            login_page.click_login_button()\n    \n        with allure.step('Обработка возможного alert'):\n            time.sleep(2)\n            try:\n                driver.switch_to.alert.accept()\n            except:\n                pass\n    \n        with allure.step('Ожидание перехода на главную страницу'):\n            time.sleep(1)\n            main_page.wait_for_url_contains(\"/recipes\")\n    \n        with allure.step('Проверить переход на главную страницу'):\n            assert \"/recipes\" in main_page.get_current_url()\n    \n        with allure.step('Проверить отображение кнопки \"Выход\"'):\n>           assert main_page.is_logout_button_visible()\nE           assert False\nE            +  where False = <bound method MainPage.is_logout_button_visible of <pages.main_page.MainPage object at 0x1076902f0>>()\nE            +    where <bound method MainPage.is_logout_button_visible of <pages.main_page.MainPage object at 0x1076902f0>> = <pages.main_page.MainPage object at 0x1076902f0>.is_logout_button_visible\n\ntest/test_login.py:44: AssertionError","steps":[{"name":"Переход на страницу входа","time":{"start":1764169077969,"stop":1764169081495,"duration":3526},"status":"passed","steps":[],"attachments":[],"parameters":[],"shouldDisplayMessage":false,"attachmentsCount":0,"stepsCount":0,"hasContent":false,"attachmentStep":false},{"name":"Заполнить все поля формы авторизации","time":{"start":1764169081495,"stop":1764169081653,"duration":158},"status":"passed","steps":[],"attachments":[],"parameters":[],"shouldDisplayMessage":false,"attachmentsCount":0,"stepsCount":0,"hasContent":false,"attachmentStep":false},{"name":"Нажать кнопку \"Войти\"","time":{"start":1764169081653,"stop":1764169081680,"duration":27},"status":"passed","steps":[],"attachments":[],"parameters":[],"shouldDisplayMessage":false,"attachmentsCount":0,"stepsCount":0,"hasContent":false,"attachmentStep":false},{"name":"Обработка возможного alert","time":{"start":1764169081680,"stop":1764169083688,"duration":2008},"status":"passed","steps":[],"attachments":[],"parameters":[],"shouldDisplayMessage":false,"attachmentsCount":0,"stepsCount":0,"hasContent":false,"attachmentStep":false},{"name":"Ожидание перехода на главную страницу","time":{"start":1764169083688,"stop":1764169084693,"duration":1005},"status":"passed","steps":[],"attachments":[],"parameters":[],"shouldDisplayMessage":false,"attachmentsCount":0,"stepsCount":0,"hasContent":false,"attachmentStep":false},{"name":"Проверить переход на главную страницу","time":{"start":1764169084693,"stop":1764169084695,"duration":2},"status":"passed","steps":[],"attachments":[],"parameters":[],"shouldDisplayMessage":false,"attachmentsCount":0,"stepsCount":0,"hasContent":false,"attachmentStep":false},{"name":"Проверить отображение кнопки \"Выход\"","time":{"start":1764169084695,"stop":1764169100050,"duration":15355},"status":"failed","statusMessage":"AssertionError: assert False\n +  where False = <bound method MainPage.is_logout_button_visible of <pages.main_page.MainPage object at 0x1076902f0>>()\n +    where <bound method MainPage.is_logout_button_visible of <pages.main_page.MainPage object at 0x1076902f0>> = <pages.main_page.MainPage object at 0x1076902f0>.is_logout_button_visible\n","statusTrace":"  File \"/Users/daryamelnik/Desktop/Sprint_9/test/test_login.py\", line 44, in test_login_success\n    assert main_page.is_logout_button_visible()\n","steps":[],"attachments":[],"parameters":[],"shouldDisplayMessage":true,"attachmentsCount":0,"stepsCount":0,"hasContent":true,"attachmentStep":false}],"attachments":[],"parameters":[],"shouldDisplayMessage":true,"attachmentsCount":0,"stepsCount":7,"hasContent":true,"attachmentStep":false},"afterStages":[{"name":"driver::0","time":{"start":1764169100085,"stop":1764169100183,"duration":98},"status":"passed","steps":[],"attachments":[],"parameters":[],"shouldDisplayMessage":false,"attachmentsCount":0,"stepsCount":0,"hasContent":false,"attachmentStep":false}],"labels":[{"name":"feature","value":"Авторизация"},{"name":"parentSuite","value":"test"},{"name":"suite","value":"test_login"},{"name":"subSuite","value":"TestLogin"},{"name":"host","value":"Daryas-MacBook-Air.local"},{"name":"thread","value":"89741-MainThread"},{"name":"framework","value":"pytest"},{"name":"language","value":"cpython3"},{"name":"package","value":"test.test_login"},{"name":"resultFormat","value":"allure2"}],"parameters":[],"links":[],"hidden":true,"retry":true,"extra":{"categories":[],"tags":[]},"source":"b6f55c888cb7821b.json","parameterValues":[]}