{"uid":"b998d8e1c39c7004","name":"Успешная авторизация","fullName":"test.test_login.TestLogin#test_login_success","historyId":"8923030fcdbd9f306bb2b185c76bd721","time":{"start":1764168263936,"stop":1764168265545,"duration":1609},"description":"Проверка авторизации с валидными учетными данными","descriptionHtml":"<p>Проверка авторизации с валидными учетными данными</p>\n","status":"broken","statusMessage":"selenium.common.exceptions.UnexpectedAlertPresentException: Alert Text: Невозможно войти с предоставленными учетными данными.\nMessage: unexpected alert open: {Alert text : Невозможно войти с предоставленными учетными данными.}\n  (Session info: chrome=142.0.7444.176)\nStacktrace:\n0   chromedriver                        0x0000000104a2aecc cxxbridge1$str$ptr + 2941512\n1   chromedriver                        0x0000000104a22b88 cxxbridge1$str$ptr + 2907908\n2   chromedriver                        0x000000010453a2b0 _RNvCsgXDX2mvAJAg_7___rustc35___rust_no_alloc_shim_is_unstable_v2 + 74020\n3   chromedriver                        0x00000001045c34cc _RNvCsgXDX2mvAJAg_7___rustc35___rust_no_alloc_shim_is_unstable_v2 + 635712\n4   chromedriver                        0x0000000104575ef0 _RNvCsgXDX2mvAJAg_7___rustc35___rust_no_alloc_shim_is_unstable_v2 + 318820\n5   chromedriver                        0x00000001049ee0c8 cxxbridge1$str$ptr + 2692164\n6   chromedriver                        0x00000001049f18dc cxxbridge1$str$ptr + 2706520\n7   chromedriver                        0x00000001049ce84c cxxbridge1$str$ptr + 2563016\n8   chromedriver                        0x00000001049f21b4 cxxbridge1$str$ptr + 2708784\n9   chromedriver                        0x00000001049c00f4 cxxbridge1$str$ptr + 2503792\n10  chromedriver                        0x0000000104a11498 cxxbridge1$str$ptr + 2836500\n11  chromedriver                        0x0000000104a1161c cxxbridge1$str$ptr + 2836888\n12  chromedriver                        0x0000000104a227d8 cxxbridge1$str$ptr + 2906964\n13  libsystem_pthread.dylib             0x000000019d9e9c08 _pthread_start + 136\n14  libsystem_pthread.dylib             0x000000019d9e4ba8 thread_start + 8","statusTrace":"test/test_login.py:37: in test_login_success\n    main_page.wait_for_url_contains(\"/recipes\")\npages/base_page.py:40: in wait_for_url_contains\n    self.wait.until(EC.url_contains(url_part))\n/Library/Frameworks/Python.framework/Versions/3.13/lib/python3.13/site-packages/selenium/webdriver/support/wait.py:92: in until\n    value = method(self._driver)\n/Library/Frameworks/Python.framework/Versions/3.13/lib/python3.13/site-packages/selenium/webdriver/support/expected_conditions.py:94: in _predicate\n    return url in driver.current_url\n/Library/Frameworks/Python.framework/Versions/3.13/lib/python3.13/site-packages/selenium/webdriver/remote/webdriver.py:437: in current_url\n    return self.execute(Command.GET_CURRENT_URL)[\"value\"]\n/Library/Frameworks/Python.framework/Versions/3.13/lib/python3.13/site-packages/selenium/webdriver/remote/webdriver.py:347: in execute\n    self.error_handler.check_response(response)\n/Library/Frameworks/Python.framework/Versions/3.13/lib/python3.13/site-packages/selenium/webdriver/remote/errorhandler.py:228: in check_response\n    raise exception_class(message, screen, stacktrace, alert_text)  # type: ignore[call-arg]  # mypy is not smart enough here\nE   selenium.common.exceptions.UnexpectedAlertPresentException: Alert Text: Невозможно войти с предоставленными учетными данными.\nE   Message: unexpected alert open: {Alert text : Невозможно войти с предоставленными учетными данными.}\nE     (Session info: chrome=142.0.7444.176)\nE   Stacktrace:\nE   0   chromedriver                        0x0000000104a2aecc cxxbridge1$str$ptr + 2941512\nE   1   chromedriver                        0x0000000104a22b88 cxxbridge1$str$ptr + 2907908\nE   2   chromedriver                        0x000000010453a2b0 _RNvCsgXDX2mvAJAg_7___rustc35___rust_no_alloc_shim_is_unstable_v2 + 74020\nE   3   chromedriver                        0x00000001045c34cc _RNvCsgXDX2mvAJAg_7___rustc35___rust_no_alloc_shim_is_unstable_v2 + 635712\nE   4   chromedriver                        0x0000000104575ef0 _RNvCsgXDX2mvAJAg_7___rustc35___rust_no_alloc_shim_is_unstable_v2 + 318820\nE   5   chromedriver                        0x00000001049ee0c8 cxxbridge1$str$ptr + 2692164\nE   6   chromedriver                        0x00000001049f18dc cxxbridge1$str$ptr + 2706520\nE   7   chromedriver                        0x00000001049ce84c cxxbridge1$str$ptr + 2563016\nE   8   chromedriver                        0x00000001049f21b4 cxxbridge1$str$ptr + 2708784\nE   9   chromedriver                        0x00000001049c00f4 cxxbridge1$str$ptr + 2503792\nE   10  chromedriver                        0x0000000104a11498 cxxbridge1$str$ptr + 2836500\nE   11  chromedriver                        0x0000000104a1161c cxxbridge1$str$ptr + 2836888\nE   12  chromedriver                        0x0000000104a227d8 cxxbridge1$str$ptr + 2906964\nE   13  libsystem_pthread.dylib             0x000000019d9e9c08 _pthread_start + 136\nE   14  libsystem_pthread.dylib             0x000000019d9e4ba8 thread_start + 8","flaky":false,"newFailed":false,"newBroken":false,"newPassed":false,"retriesCount":0,"retriesStatusChange":false,"beforeStages":[{"name":"_session_faker","time":{"start":1764168250681,"stop":1764168250698,"duration":17},"status":"passed","steps":[],"attachments":[],"parameters":[],"shouldDisplayMessage":false,"attachmentsCount":0,"stepsCount":0,"hasContent":false,"attachmentStep":false},{"name":"base_url","time":{"start":1764168250698,"stop":1764168250698,"duration":0},"status":"passed","steps":[],"attachments":[],"parameters":[],"shouldDisplayMessage":false,"attachmentsCount":0,"stepsCount":0,"hasContent":false,"attachmentStep":false},{"name":"_skip_sensitive","time":{"start":1764168250698,"stop":1764168250698,"duration":0},"status":"passed","steps":[],"attachments":[],"parameters":[],"shouldDisplayMessage":false,"attachmentsCount":0,"stepsCount":0,"hasContent":false,"attachmentStep":false},{"name":"sensitive_url","time":{"start":1764168250698,"stop":1764168250698,"duration":0},"status":"passed","steps":[],"attachments":[],"parameters":[],"shouldDisplayMessage":false,"attachmentsCount":0,"stepsCount":0,"hasContent":false,"attachmentStep":false},{"name":"_verify_url","time":{"start":1764168250698,"stop":1764168250698,"duration":0},"status":"passed","steps":[],"attachments":[],"parameters":[],"shouldDisplayMessage":false,"attachmentsCount":0,"stepsCount":0,"hasContent":false,"attachmentStep":false},{"name":"chrome_options","time":{"start":1764168250698,"stop":1764168250698,"duration":0},"status":"passed","steps":[],"attachments":[],"parameters":[],"shouldDisplayMessage":false,"attachmentsCount":0,"stepsCount":0,"hasContent":false,"attachmentStep":false},{"name":"driver","time":{"start":1764168250698,"stop":1764168252231,"duration":1533},"status":"passed","steps":[],"attachments":[],"parameters":[],"shouldDisplayMessage":false,"attachmentsCount":0,"stepsCount":0,"hasContent":false,"attachmentStep":false},{"name":"registered_user","time":{"start":1764168252232,"stop":1764168263935,"duration":11703},"status":"passed","steps":[],"attachments":[],"parameters":[],"shouldDisplayMessage":false,"attachmentsCount":0,"stepsCount":0,"hasContent":false,"attachmentStep":false},{"name":"user_data","time":{"start":1764168252232,"stop":1764168252232,"duration":0},"status":"passed","steps":[],"attachments":[],"parameters":[],"shouldDisplayMessage":false,"attachmentsCount":0,"stepsCount":0,"hasContent":false,"attachmentStep":false}],"testStage":{"description":"Проверка авторизации с валидными учетными данными","status":"broken","statusMessage":"selenium.common.exceptions.UnexpectedAlertPresentException: Alert Text: Невозможно войти с предоставленными учетными данными.\nMessage: unexpected alert open: {Alert text : Невозможно войти с предоставленными учетными данными.}\n  (Session info: chrome=142.0.7444.176)\nStacktrace:\n0   chromedriver                        0x0000000104a2aecc cxxbridge1$str$ptr + 2941512\n1   chromedriver                        0x0000000104a22b88 cxxbridge1$str$ptr + 2907908\n2   chromedriver                        0x000000010453a2b0 _RNvCsgXDX2mvAJAg_7___rustc35___rust_no_alloc_shim_is_unstable_v2 + 74020\n3   chromedriver                        0x00000001045c34cc _RNvCsgXDX2mvAJAg_7___rustc35___rust_no_alloc_shim_is_unstable_v2 + 635712\n4   chromedriver                        0x0000000104575ef0 _RNvCsgXDX2mvAJAg_7___rustc35___rust_no_alloc_shim_is_unstable_v2 + 318820\n5   chromedriver                        0x00000001049ee0c8 cxxbridge1$str$ptr + 2692164\n6   chromedriver                        0x00000001049f18dc cxxbridge1$str$ptr + 2706520\n7   chromedriver                        0x00000001049ce84c cxxbridge1$str$ptr + 2563016\n8   chromedriver                        0x00000001049f21b4 cxxbridge1$str$ptr + 2708784\n9   chromedriver                        0x00000001049c00f4 cxxbridge1$str$ptr + 2503792\n10  chromedriver                        0x0000000104a11498 cxxbridge1$str$ptr + 2836500\n11  chromedriver                        0x0000000104a1161c cxxbridge1$str$ptr + 2836888\n12  chromedriver                        0x0000000104a227d8 cxxbridge1$str$ptr + 2906964\n13  libsystem_pthread.dylib             0x000000019d9e9c08 _pthread_start + 136\n14  libsystem_pthread.dylib             0x000000019d9e4ba8 thread_start + 8","statusTrace":"test/test_login.py:37: in test_login_success\n    main_page.wait_for_url_contains(\"/recipes\")\npages/base_page.py:40: in wait_for_url_contains\n    self.wait.until(EC.url_contains(url_part))\n/Library/Frameworks/Python.framework/Versions/3.13/lib/python3.13/site-packages/selenium/webdriver/support/wait.py:92: in until\n    value = method(self._driver)\n/Library/Frameworks/Python.framework/Versions/3.13/lib/python3.13/site-packages/selenium/webdriver/support/expected_conditions.py:94: in _predicate\n    return url in driver.current_url\n/Library/Frameworks/Python.framework/Versions/3.13/lib/python3.13/site-packages/selenium/webdriver/remote/webdriver.py:437: in current_url\n    return self.execute(Command.GET_CURRENT_URL)[\"value\"]\n/Library/Frameworks/Python.framework/Versions/3.13/lib/python3.13/site-packages/selenium/webdriver/remote/webdriver.py:347: in execute\n    self.error_handler.check_response(response)\n/Library/Frameworks/Python.framework/Versions/3.13/lib/python3.13/site-packages/selenium/webdriver/remote/errorhandler.py:228: in check_response\n    raise exception_class(message, screen, stacktrace, alert_text)  # type: ignore[call-arg]  # mypy is not smart enough here\nE   selenium.common.exceptions.UnexpectedAlertPresentException: Alert Text: Невозможно войти с предоставленными учетными данными.\nE   Message: unexpected alert open: {Alert text : Невозможно войти с предоставленными учетными данными.}\nE     (Session info: chrome=142.0.7444.176)\nE   Stacktrace:\nE   0   chromedriver                        0x0000000104a2aecc cxxbridge1$str$ptr + 2941512\nE   1   chromedriver                        0x0000000104a22b88 cxxbridge1$str$ptr + 2907908\nE   2   chromedriver                        0x000000010453a2b0 _RNvCsgXDX2mvAJAg_7___rustc35___rust_no_alloc_shim_is_unstable_v2 + 74020\nE   3   chromedriver                        0x00000001045c34cc _RNvCsgXDX2mvAJAg_7___rustc35___rust_no_alloc_shim_is_unstable_v2 + 635712\nE   4   chromedriver                        0x0000000104575ef0 _RNvCsgXDX2mvAJAg_7___rustc35___rust_no_alloc_shim_is_unstable_v2 + 318820\nE   5   chromedriver                        0x00000001049ee0c8 cxxbridge1$str$ptr + 2692164\nE   6   chromedriver                        0x00000001049f18dc cxxbridge1$str$ptr + 2706520\nE   7   chromedriver                        0x00000001049ce84c cxxbridge1$str$ptr + 2563016\nE   8   chromedriver                        0x00000001049f21b4 cxxbridge1$str$ptr + 2708784\nE   9   chromedriver                        0x00000001049c00f4 cxxbridge1$str$ptr + 2503792\nE   10  chromedriver                        0x0000000104a11498 cxxbridge1$str$ptr + 2836500\nE   11  chromedriver                        0x0000000104a1161c cxxbridge1$str$ptr + 2836888\nE   12  chromedriver                        0x0000000104a227d8 cxxbridge1$str$ptr + 2906964\nE   13  libsystem_pthread.dylib             0x000000019d9e9c08 _pthread_start + 136\nE   14  libsystem_pthread.dylib             0x000000019d9e4ba8 thread_start + 8","steps":[{"name":"Переход на страницу входа","time":{"start":1764168263936,"stop":1764168264953,"duration":1017},"status":"passed","steps":[],"attachments":[],"parameters":[],"shouldDisplayMessage":false,"attachmentsCount":0,"stepsCount":0,"hasContent":false,"attachmentStep":false},{"name":"Заполнить все поля формы авторизации","time":{"start":1764168264953,"stop":1764168265009,"duration":56},"status":"passed","steps":[],"attachments":[],"parameters":[],"shouldDisplayMessage":false,"attachmentsCount":0,"stepsCount":0,"hasContent":false,"attachmentStep":false},{"name":"Нажать кнопку \"Войти\"","time":{"start":1764168265009,"stop":1764168265032,"duration":23},"status":"passed","steps":[],"attachments":[],"parameters":[],"shouldDisplayMessage":false,"attachmentsCount":0,"stepsCount":0,"hasContent":false,"attachmentStep":false},{"name":"Обработка возможного alert","time":{"start":1764168265032,"stop":1764168265032,"duration":0},"status":"passed","steps":[],"attachments":[],"parameters":[],"shouldDisplayMessage":false,"attachmentsCount":0,"stepsCount":0,"hasContent":false,"attachmentStep":false},{"name":"Ожидание перехода на главную страницу","time":{"start":1764168265032,"stop":1764168265541,"duration":509},"status":"broken","statusMessage":"selenium.common.exceptions.UnexpectedAlertPresentException: Alert Text: Невозможно войти с предоставленными учетными данными.\nMessage: unexpected alert open: {Alert text : Невозможно войти с предоставленными учетными данными.}\n  (Session info: chrome=142.0.7444.176)\nStacktrace:\n0   chromedriver                        0x0000000104a2aecc cxxbridge1$str$ptr + 2941512\n1   chromedriver                        0x0000000104a22b88 cxxbridge1$str$ptr + 2907908\n2   chromedriver                        0x000000010453a2b0 _RNvCsgXDX2mvAJAg_7___rustc35___rust_no_alloc_shim_is_unstable_v2 + 74020\n3   chromedriver                        0x00000001045c34cc _RNvCsgXDX2mvAJAg_7___rustc35___rust_no_alloc_shim_is_unstable_v2 + 635712\n4   chromedriver                        0x0000000104575ef0 _RNvCsgXDX2mvAJAg_7___rustc35___rust_no_alloc_shim_is_unstable_v2 + 318820\n5   chromedriver                        0x00000001049ee0c8 cxxbridge1$str$ptr + 2692164\n6   chromedriver                        0x00000001049f18dc cxxbridge1$str$ptr + 2706520\n7   chromedriver                        0x00000001049ce84c cxxbridge1$str$ptr + 2563016\n8   chromedriver                        0x00000001049f21b4 cxxbridge1$str$ptr + 2708784\n9   chromedriver                        0x00000001049c00f4 cxxbridge1$str$ptr + 2503792\n10  chromedriver                        0x0000000104a11498 cxxbridge1$str$ptr + 2836500\n11  chromedriver                        0x0000000104a1161c cxxbridge1$str$ptr + 2836888\n12  chromedriver                        0x0000000104a227d8 cxxbridge1$str$ptr + 2906964\n13  libsystem_pthread.dylib             0x000000019d9e9c08 _pthread_start + 136\n14  libsystem_pthread.dylib             0x000000019d9e4ba8 thread_start + 8\n\n","statusTrace":"  File \"/Users/daryamelnik/Desktop/Sprint_9/test/test_login.py\", line 37, in test_login_success\n    main_page.wait_for_url_contains(\"/recipes\")\n    ~~~~~~~~~~~~~~~~~~~~~~~~~~~~~~~^^^^^^^^^^^^\n  File \"/Users/daryamelnik/Desktop/Sprint_9/pages/base_page.py\", line 40, in wait_for_url_contains\n    self.wait.until(EC.url_contains(url_part))\n    ~~~~~~~~~~~~~~~^^^^^^^^^^^^^^^^^^^^^^^^^^^\n  File \"/Library/Frameworks/Python.framework/Versions/3.13/lib/python3.13/site-packages/selenium/webdriver/support/wait.py\", line 92, in until\n    value = method(self._driver)\n  File \"/Library/Frameworks/Python.framework/Versions/3.13/lib/python3.13/site-packages/selenium/webdriver/support/expected_conditions.py\", line 94, in _predicate\n    return url in driver.current_url\n                  ^^^^^^^^^^^^^^^^^^\n  File \"/Library/Frameworks/Python.framework/Versions/3.13/lib/python3.13/site-packages/selenium/webdriver/remote/webdriver.py\", line 437, in current_url\n    return self.execute(Command.GET_CURRENT_URL)[\"value\"]\n           ~~~~~~~~~~~~^^^^^^^^^^^^^^^^^^^^^^^^^\n  File \"/Library/Frameworks/Python.framework/Versions/3.13/lib/python3.13/site-packages/selenium/webdriver/remote/webdriver.py\", line 347, in execute\n    self.error_handler.check_response(response)\n    ~~~~~~~~~~~~~~~~~~~~~~~~~~~~~~~~~^^^^^^^^^^\n  File \"/Library/Frameworks/Python.framework/Versions/3.13/lib/python3.13/site-packages/selenium/webdriver/remote/errorhandler.py\", line 228, in check_response\n    raise exception_class(message, screen, stacktrace, alert_text)  # type: ignore[call-arg]  # mypy is not smart enough here\n    ^^^^^^^^^^^^^^^^^^^^^^^^^^^^^^^^^^^^^^^^^^^^^^^^^^^^^^^^^^^^^^\n","steps":[],"attachments":[],"parameters":[],"shouldDisplayMessage":true,"attachmentsCount":0,"stepsCount":0,"hasContent":true,"attachmentStep":false}],"attachments":[],"parameters":[],"shouldDisplayMessage":true,"attachmentsCount":0,"stepsCount":5,"hasContent":true,"attachmentStep":false},"afterStages":[{"name":"driver::0","time":{"start":1764168265576,"stop":1764168265653,"duration":77},"status":"passed","steps":[],"attachments":[],"parameters":[],"shouldDisplayMessage":false,"attachmentsCount":0,"stepsCount":0,"hasContent":false,"attachmentStep":false}],"labels":[{"name":"feature","value":"Авторизация"},{"name":"parentSuite","value":"test"},{"name":"suite","value":"test_login"},{"name":"subSuite","value":"TestLogin"},{"name":"host","value":"Daryas-MacBook-Air.local"},{"name":"thread","value":"88344-MainThread"},{"name":"framework","value":"pytest"},{"name":"language","value":"cpython3"},{"name":"package","value":"test.test_login"},{"name":"resultFormat","value":"allure2"}],"parameters":[],"links":[],"hidden":true,"retry":true,"extra":{"categories":[],"tags":[]},"source":"b998d8e1c39c7004.json","parameterValues":[]}