{"uid":"e640205cdfe5c00f","name":"Успешное создание аккаунта","fullName":"test.test_registration.TestRegistration#test_create_account_success","historyId":"a7406b3d9bd619685dd48b0a182267a3","time":{"start":1764168193625,"stop":1764168194917,"duration":1292},"description":"Проверка создания нового аккаунта с валидными данными","descriptionHtml":"<p>Проверка создания нового аккаунта с валидными данными</p>\n","status":"broken","statusMessage":"selenium.common.exceptions.UnexpectedAlertPresentException: Alert Text: Пользователь с таким именем уже существует.\nMessage: unexpected alert open: {Alert text : Пользователь с таким именем уже существует.}\n  (Session info: chrome=142.0.7444.176)\nStacktrace:\n0   chromedriver                        0x0000000100ffeecc cxxbridge1$str$ptr + 2941512\n1   chromedriver                        0x0000000100ff6b88 cxxbridge1$str$ptr + 2907908\n2   chromedriver                        0x0000000100b0e2b0 _RNvCsgXDX2mvAJAg_7___rustc35___rust_no_alloc_shim_is_unstable_v2 + 74020\n3   chromedriver                        0x0000000100b974cc _RNvCsgXDX2mvAJAg_7___rustc35___rust_no_alloc_shim_is_unstable_v2 + 635712\n4   chromedriver                        0x0000000100b49ef0 _RNvCsgXDX2mvAJAg_7___rustc35___rust_no_alloc_shim_is_unstable_v2 + 318820\n5   chromedriver                        0x0000000100fc20c8 cxxbridge1$str$ptr + 2692164\n6   chromedriver                        0x0000000100fc58dc cxxbridge1$str$ptr + 2706520\n7   chromedriver                        0x0000000100fa284c cxxbridge1$str$ptr + 2563016\n8   chromedriver                        0x0000000100fc61b4 cxxbridge1$str$ptr + 2708784\n9   chromedriver                        0x0000000100f940f4 cxxbridge1$str$ptr + 2503792\n10  chromedriver                        0x0000000100fe5498 cxxbridge1$str$ptr + 2836500\n11  chromedriver                        0x0000000100fe561c cxxbridge1$str$ptr + 2836888\n12  chromedriver                        0x0000000100ff67d8 cxxbridge1$str$ptr + 2906964\n13  libsystem_pthread.dylib             0x000000019d9e9c08 _pthread_start + 136\n14  libsystem_pthread.dylib             0x000000019d9e4ba8 thread_start + 8","statusTrace":"test/test_registration.py:33: in test_create_account_success\n    login_page.wait_for_url_contains(\"/signin\")\npages/base_page.py:40: in wait_for_url_contains\n    self.wait.until(EC.url_contains(url_part))\n/Library/Frameworks/Python.framework/Versions/3.13/lib/python3.13/site-packages/selenium/webdriver/support/wait.py:92: in until\n    value = method(self._driver)\n/Library/Frameworks/Python.framework/Versions/3.13/lib/python3.13/site-packages/selenium/webdriver/support/expected_conditions.py:94: in _predicate\n    return url in driver.current_url\n/Library/Frameworks/Python.framework/Versions/3.13/lib/python3.13/site-packages/selenium/webdriver/remote/webdriver.py:437: in current_url\n    return self.execute(Command.GET_CURRENT_URL)[\"value\"]\n/Library/Frameworks/Python.framework/Versions/3.13/lib/python3.13/site-packages/selenium/webdriver/remote/webdriver.py:347: in execute\n    self.error_handler.check_response(response)\n/Library/Frameworks/Python.framework/Versions/3.13/lib/python3.13/site-packages/selenium/webdriver/remote/errorhandler.py:228: in check_response\n    raise exception_class(message, screen, stacktrace, alert_text)  # type: ignore[call-arg]  # mypy is not smart enough here\nE   selenium.common.exceptions.UnexpectedAlertPresentException: Alert Text: Пользователь с таким именем уже существует.\nE   Message: unexpected alert open: {Alert text : Пользователь с таким именем уже существует.}\nE     (Session info: chrome=142.0.7444.176)\nE   Stacktrace:\nE   0   chromedriver                        0x0000000100ffeecc cxxbridge1$str$ptr + 2941512\nE   1   chromedriver                        0x0000000100ff6b88 cxxbridge1$str$ptr + 2907908\nE   2   chromedriver                        0x0000000100b0e2b0 _RNvCsgXDX2mvAJAg_7___rustc35___rust_no_alloc_shim_is_unstable_v2 + 74020\nE   3   chromedriver                        0x0000000100b974cc _RNvCsgXDX2mvAJAg_7___rustc35___rust_no_alloc_shim_is_unstable_v2 + 635712\nE   4   chromedriver                        0x0000000100b49ef0 _RNvCsgXDX2mvAJAg_7___rustc35___rust_no_alloc_shim_is_unstable_v2 + 318820\nE   5   chromedriver                        0x0000000100fc20c8 cxxbridge1$str$ptr + 2692164\nE   6   chromedriver                        0x0000000100fc58dc cxxbridge1$str$ptr + 2706520\nE   7   chromedriver                        0x0000000100fa284c cxxbridge1$str$ptr + 2563016\nE   8   chromedriver                        0x0000000100fc61b4 cxxbridge1$str$ptr + 2708784\nE   9   chromedriver                        0x0000000100f940f4 cxxbridge1$str$ptr + 2503792\nE   10  chromedriver                        0x0000000100fe5498 cxxbridge1$str$ptr + 2836500\nE   11  chromedriver                        0x0000000100fe561c cxxbridge1$str$ptr + 2836888\nE   12  chromedriver                        0x0000000100ff67d8 cxxbridge1$str$ptr + 2906964\nE   13  libsystem_pthread.dylib             0x000000019d9e9c08 _pthread_start + 136\nE   14  libsystem_pthread.dylib             0x000000019d9e4ba8 thread_start + 8","flaky":false,"newFailed":false,"newBroken":false,"newPassed":false,"retriesCount":0,"retriesStatusChange":false,"beforeStages":[{"name":"_session_faker","time":{"start":1764168181323,"stop":1764168181340,"duration":17},"status":"passed","steps":[],"attachments":[],"parameters":[],"shouldDisplayMessage":false,"attachmentsCount":0,"stepsCount":0,"hasContent":false,"attachmentStep":false},{"name":"sensitive_url","time":{"start":1764168181340,"stop":1764168181340,"duration":0},"status":"passed","steps":[],"attachments":[],"parameters":[],"shouldDisplayMessage":false,"attachmentsCount":0,"stepsCount":0,"hasContent":false,"attachmentStep":false},{"name":"base_url","time":{"start":1764168181340,"stop":1764168181340,"duration":0},"status":"passed","steps":[],"attachments":[],"parameters":[],"shouldDisplayMessage":false,"attachmentsCount":0,"stepsCount":0,"hasContent":false,"attachmentStep":false},{"name":"_verify_url","time":{"start":1764168181340,"stop":1764168181340,"duration":0},"status":"passed","steps":[],"attachments":[],"parameters":[],"shouldDisplayMessage":false,"attachmentsCount":0,"stepsCount":0,"hasContent":false,"attachmentStep":false},{"name":"_skip_sensitive","time":{"start":1764168190821,"stop":1764168190822,"duration":1},"status":"passed","steps":[],"attachments":[],"parameters":[],"shouldDisplayMessage":false,"attachmentsCount":0,"stepsCount":0,"hasContent":false,"attachmentStep":false},{"name":"driver","time":{"start":1764168190822,"stop":1764168191859,"duration":1037},"status":"passed","steps":[],"attachments":[],"parameters":[],"shouldDisplayMessage":false,"attachmentsCount":0,"stepsCount":0,"hasContent":false,"attachmentStep":false},{"name":"chrome_options","time":{"start":1764168190822,"stop":1764168190822,"duration":0},"status":"passed","steps":[],"attachments":[],"parameters":[],"shouldDisplayMessage":false,"attachmentsCount":0,"stepsCount":0,"hasContent":false,"attachmentStep":false},{"name":"main_page","time":{"start":1764168191859,"stop":1764168193622,"duration":1763},"status":"passed","steps":[],"attachments":[],"parameters":[],"shouldDisplayMessage":false,"attachmentsCount":0,"stepsCount":0,"hasContent":false,"attachmentStep":false}],"testStage":{"description":"Проверка создания нового аккаунта с валидными данными","status":"broken","statusMessage":"selenium.common.exceptions.UnexpectedAlertPresentException: Alert Text: Пользователь с таким именем уже существует.\nMessage: unexpected alert open: {Alert text : Пользователь с таким именем уже существует.}\n  (Session info: chrome=142.0.7444.176)\nStacktrace:\n0   chromedriver                        0x0000000100ffeecc cxxbridge1$str$ptr + 2941512\n1   chromedriver                        0x0000000100ff6b88 cxxbridge1$str$ptr + 2907908\n2   chromedriver                        0x0000000100b0e2b0 _RNvCsgXDX2mvAJAg_7___rustc35___rust_no_alloc_shim_is_unstable_v2 + 74020\n3   chromedriver                        0x0000000100b974cc _RNvCsgXDX2mvAJAg_7___rustc35___rust_no_alloc_shim_is_unstable_v2 + 635712\n4   chromedriver                        0x0000000100b49ef0 _RNvCsgXDX2mvAJAg_7___rustc35___rust_no_alloc_shim_is_unstable_v2 + 318820\n5   chromedriver                        0x0000000100fc20c8 cxxbridge1$str$ptr + 2692164\n6   chromedriver                        0x0000000100fc58dc cxxbridge1$str$ptr + 2706520\n7   chromedriver                        0x0000000100fa284c cxxbridge1$str$ptr + 2563016\n8   chromedriver                        0x0000000100fc61b4 cxxbridge1$str$ptr + 2708784\n9   chromedriver                        0x0000000100f940f4 cxxbridge1$str$ptr + 2503792\n10  chromedriver                        0x0000000100fe5498 cxxbridge1$str$ptr + 2836500\n11  chromedriver                        0x0000000100fe561c cxxbridge1$str$ptr + 2836888\n12  chromedriver                        0x0000000100ff67d8 cxxbridge1$str$ptr + 2906964\n13  libsystem_pthread.dylib             0x000000019d9e9c08 _pthread_start + 136\n14  libsystem_pthread.dylib             0x000000019d9e4ba8 thread_start + 8","statusTrace":"test/test_registration.py:33: in test_create_account_success\n    login_page.wait_for_url_contains(\"/signin\")\npages/base_page.py:40: in wait_for_url_contains\n    self.wait.until(EC.url_contains(url_part))\n/Library/Frameworks/Python.framework/Versions/3.13/lib/python3.13/site-packages/selenium/webdriver/support/wait.py:92: in until\n    value = method(self._driver)\n/Library/Frameworks/Python.framework/Versions/3.13/lib/python3.13/site-packages/selenium/webdriver/support/expected_conditions.py:94: in _predicate\n    return url in driver.current_url\n/Library/Frameworks/Python.framework/Versions/3.13/lib/python3.13/site-packages/selenium/webdriver/remote/webdriver.py:437: in current_url\n    return self.execute(Command.GET_CURRENT_URL)[\"value\"]\n/Library/Frameworks/Python.framework/Versions/3.13/lib/python3.13/site-packages/selenium/webdriver/remote/webdriver.py:347: in execute\n    self.error_handler.check_response(response)\n/Library/Frameworks/Python.framework/Versions/3.13/lib/python3.13/site-packages/selenium/webdriver/remote/errorhandler.py:228: in check_response\n    raise exception_class(message, screen, stacktrace, alert_text)  # type: ignore[call-arg]  # mypy is not smart enough here\nE   selenium.common.exceptions.UnexpectedAlertPresentException: Alert Text: Пользователь с таким именем уже существует.\nE   Message: unexpected alert open: {Alert text : Пользователь с таким именем уже существует.}\nE     (Session info: chrome=142.0.7444.176)\nE   Stacktrace:\nE   0   chromedriver                        0x0000000100ffeecc cxxbridge1$str$ptr + 2941512\nE   1   chromedriver                        0x0000000100ff6b88 cxxbridge1$str$ptr + 2907908\nE   2   chromedriver                        0x0000000100b0e2b0 _RNvCsgXDX2mvAJAg_7___rustc35___rust_no_alloc_shim_is_unstable_v2 + 74020\nE   3   chromedriver                        0x0000000100b974cc _RNvCsgXDX2mvAJAg_7___rustc35___rust_no_alloc_shim_is_unstable_v2 + 635712\nE   4   chromedriver                        0x0000000100b49ef0 _RNvCsgXDX2mvAJAg_7___rustc35___rust_no_alloc_shim_is_unstable_v2 + 318820\nE   5   chromedriver                        0x0000000100fc20c8 cxxbridge1$str$ptr + 2692164\nE   6   chromedriver                        0x0000000100fc58dc cxxbridge1$str$ptr + 2706520\nE   7   chromedriver                        0x0000000100fa284c cxxbridge1$str$ptr + 2563016\nE   8   chromedriver                        0x0000000100fc61b4 cxxbridge1$str$ptr + 2708784\nE   9   chromedriver                        0x0000000100f940f4 cxxbridge1$str$ptr + 2503792\nE   10  chromedriver                        0x0000000100fe5498 cxxbridge1$str$ptr + 2836500\nE   11  chromedriver                        0x0000000100fe561c cxxbridge1$str$ptr + 2836888\nE   12  chromedriver                        0x0000000100ff67d8 cxxbridge1$str$ptr + 2906964\nE   13  libsystem_pthread.dylib             0x000000019d9e9c08 _pthread_start + 136\nE   14  libsystem_pthread.dylib             0x000000019d9e4ba8 thread_start + 8","steps":[{"name":"Нажать кнопку \"Создать аккаунт\"","time":{"start":1764168193626,"stop":1764168193673,"duration":47},"status":"passed","steps":[],"attachments":[],"parameters":[],"shouldDisplayMessage":false,"attachmentsCount":0,"stepsCount":0,"hasContent":false,"attachmentStep":false},{"name":"Заполнить все поля формы регистрации","time":{"start":1764168193673,"stop":1764168193868,"duration":195},"status":"passed","steps":[],"attachments":[],"parameters":[],"shouldDisplayMessage":false,"attachmentsCount":0,"stepsCount":0,"hasContent":false,"attachmentStep":false},{"name":"Нажать кнопку \"Создать аккаунт\"","time":{"start":1764168193868,"stop":1764168193892,"duration":24},"status":"passed","steps":[],"attachments":[],"parameters":[],"shouldDisplayMessage":false,"attachmentsCount":0,"stepsCount":0,"hasContent":false,"attachmentStep":false},{"name":"Ожидание перехода на страницу авторизации","time":{"start":1764168193892,"stop":1764168194913,"duration":1021},"status":"broken","statusMessage":"selenium.common.exceptions.UnexpectedAlertPresentException: Alert Text: Пользователь с таким именем уже существует.\nMessage: unexpected alert open: {Alert text : Пользователь с таким именем уже существует.}\n  (Session info: chrome=142.0.7444.176)\nStacktrace:\n0   chromedriver                        0x0000000100ffeecc cxxbridge1$str$ptr + 2941512\n1   chromedriver                        0x0000000100ff6b88 cxxbridge1$str$ptr + 2907908\n2   chromedriver                        0x0000000100b0e2b0 _RNvCsgXDX2mvAJAg_7___rustc35___rust_no_alloc_shim_is_unstable_v2 + 74020\n3   chromedriver                        0x0000000100b974cc _RNvCsgXDX2mvAJAg_7___rustc35___rust_no_alloc_shim_is_unstable_v2 + 635712\n4   chromedriver                        0x0000000100b49ef0 _RNvCsgXDX2mvAJAg_7___rustc35___rust_no_alloc_shim_is_unstable_v2 + 318820\n5   chromedriver                        0x0000000100fc20c8 cxxbridge1$str$ptr + 2692164\n6   chromedriver                        0x0000000100fc58dc cxxbridge1$str$ptr + 2706520\n7   chromedriver                        0x0000000100fa284c cxxbridge1$str$ptr + 2563016\n8   chromedriver                        0x0000000100fc61b4 cxxbridge1$str$ptr + 2708784\n9   chromedriver                        0x0000000100f940f4 cxxbridge1$str$ptr + 2503792\n10  chromedriver                        0x0000000100fe5498 cxxbridge1$str$ptr + 2836500\n11  chromedriver                        0x0000000100fe561c cxxbridge1$str$ptr + 2836888\n12  chromedriver                        0x0000000100ff67d8 cxxbridge1$str$ptr + 2906964\n13  libsystem_pthread.dylib             0x000000019d9e9c08 _pthread_start + 136\n14  libsystem_pthread.dylib             0x000000019d9e4ba8 thread_start + 8\n\n","statusTrace":"  File \"/Users/daryamelnik/Desktop/Sprint_9/test/test_registration.py\", line 33, in test_create_account_success\n    login_page.wait_for_url_contains(\"/signin\")\n    ~~~~~~~~~~~~~~~~~~~~~~~~~~~~~~~~^^^^^^^^^^^\n  File \"/Users/daryamelnik/Desktop/Sprint_9/pages/base_page.py\", line 40, in wait_for_url_contains\n    self.wait.until(EC.url_contains(url_part))\n    ~~~~~~~~~~~~~~~^^^^^^^^^^^^^^^^^^^^^^^^^^^\n  File \"/Library/Frameworks/Python.framework/Versions/3.13/lib/python3.13/site-packages/selenium/webdriver/support/wait.py\", line 92, in until\n    value = method(self._driver)\n  File \"/Library/Frameworks/Python.framework/Versions/3.13/lib/python3.13/site-packages/selenium/webdriver/support/expected_conditions.py\", line 94, in _predicate\n    return url in driver.current_url\n                  ^^^^^^^^^^^^^^^^^^\n  File \"/Library/Frameworks/Python.framework/Versions/3.13/lib/python3.13/site-packages/selenium/webdriver/remote/webdriver.py\", line 437, in current_url\n    return self.execute(Command.GET_CURRENT_URL)[\"value\"]\n           ~~~~~~~~~~~~^^^^^^^^^^^^^^^^^^^^^^^^^\n  File \"/Library/Frameworks/Python.framework/Versions/3.13/lib/python3.13/site-packages/selenium/webdriver/remote/webdriver.py\", line 347, in execute\n    self.error_handler.check_response(response)\n    ~~~~~~~~~~~~~~~~~~~~~~~~~~~~~~~~~^^^^^^^^^^\n  File \"/Library/Frameworks/Python.framework/Versions/3.13/lib/python3.13/site-packages/selenium/webdriver/remote/errorhandler.py\", line 228, in check_response\n    raise exception_class(message, screen, stacktrace, alert_text)  # type: ignore[call-arg]  # mypy is not smart enough here\n    ^^^^^^^^^^^^^^^^^^^^^^^^^^^^^^^^^^^^^^^^^^^^^^^^^^^^^^^^^^^^^^\n","steps":[],"attachments":[],"parameters":[],"shouldDisplayMessage":true,"attachmentsCount":0,"stepsCount":0,"hasContent":true,"attachmentStep":false}],"attachments":[],"parameters":[],"shouldDisplayMessage":true,"attachmentsCount":0,"stepsCount":4,"hasContent":true,"attachmentStep":false},"afterStages":[{"name":"driver::0","time":{"start":1764168194947,"stop":1764168195020,"duration":73},"status":"passed","steps":[],"attachments":[],"parameters":[],"shouldDisplayMessage":false,"attachmentsCount":0,"stepsCount":0,"hasContent":false,"attachmentStep":false}],"labels":[{"name":"feature","value":"Регистрация"},{"name":"parentSuite","value":"test"},{"name":"suite","value":"test_registration"},{"name":"subSuite","value":"TestRegistration"},{"name":"host","value":"Daryas-MacBook-Air.local"},{"name":"thread","value":"88067-MainThread"},{"name":"framework","value":"pytest"},{"name":"language","value":"cpython3"},{"name":"package","value":"test.test_registration"},{"name":"resultFormat","value":"allure2"}],"parameters":[],"links":[],"hidden":true,"retry":true,"extra":{"categories":[],"tags":[]},"source":"e640205cdfe5c00f.json","parameterValues":[]}