{"uid":"ed1083e19949b6c1","name":"Успешное создание рецепта","fullName":"test.test_recipe.TestRecipe#test_create_recipe_success","historyId":"255421a62f1a5b194b935bff5680db26","time":{"start":1764168333626,"stop":1764168348979,"duration":15353},"description":"Проверка создания нового рецепта с валидными данными","descriptionHtml":"<p>Проверка создания нового рецепта с валидными данными</p>\n","status":"broken","statusMessage":"selenium.common.exceptions.TimeoutException: Message: \nStacktrace:\n0   chromedriver                        0x000000010085aecc cxxbridge1$str$ptr + 2941512\n1   chromedriver                        0x0000000100852b88 cxxbridge1$str$ptr + 2907908\n2   chromedriver                        0x000000010036a2b0 _RNvCsgXDX2mvAJAg_7___rustc35___rust_no_alloc_shim_is_unstable_v2 + 74020\n3   chromedriver                        0x00000001003b188c _RNvCsgXDX2mvAJAg_7___rustc35___rust_no_alloc_shim_is_unstable_v2 + 366336\n4   chromedriver                        0x00000001003f2d54 _RNvCsgXDX2mvAJAg_7___rustc35___rust_no_alloc_shim_is_unstable_v2 + 633800\n5   chromedriver                        0x00000001003a5ef0 _RNvCsgXDX2mvAJAg_7___rustc35___rust_no_alloc_shim_is_unstable_v2 + 318820\n6   chromedriver                        0x000000010081e0c8 cxxbridge1$str$ptr + 2692164\n7   chromedriver                        0x00000001008218dc cxxbridge1$str$ptr + 2706520\n8   chromedriver                        0x00000001007fe84c cxxbridge1$str$ptr + 2563016\n9   chromedriver                        0x00000001008221b4 cxxbridge1$str$ptr + 2708784\n10  chromedriver                        0x00000001007f00f4 cxxbridge1$str$ptr + 2503792\n11  chromedriver                        0x0000000100841498 cxxbridge1$str$ptr + 2836500\n12  chromedriver                        0x000000010084161c cxxbridge1$str$ptr + 2836888\n13  chromedriver                        0x00000001008527d8 cxxbridge1$str$ptr + 2906964\n14  libsystem_pthread.dylib             0x000000019d9e9c08 _pthread_start + 136\n15  libsystem_pthread.dylib             0x000000019d9e4ba8 thread_start + 8","statusTrace":"self = <test.test_recipe.TestRecipe object at 0x10b41e350>\nauthorized_user = <selenium.webdriver.chrome.webdriver.WebDriver (session=\"77017cb765ba93cf83e687673f157fbe\")>\n\n    @allure.title('Успешное создание рецепта')\n    @allure.description('Проверка создания нового рецепта с валидными данными')\n    def test_create_recipe_success(self, authorized_user):\n        main_page = MainPage(authorized_user)\n        recipe_name = TestData.generate_recipe_name()\n    \n        with allure.step('Перейти на таб \"Создать рецепт\"'):\n>           main_page.click_create_recipe_link()\n\ntest/test_recipe.py:17: \n_ _ _ _ _ _ _ _ _ _ _ _ _ _ _ _ _ _ _ _ _ _ _ _ _ _ _ _ _ _ _ _ _ _ _ _ _ _ _ _ \npages/main_page.py:23: in click_create_recipe_link\n    self.click_element(MainPageLocators.CREATE_RECIPE_LINK)\npages/base_page.py:17: in click_element\n    element = self.find_clickable_element(locator)\npages/base_page.py:14: in find_clickable_element\n    return self.wait.until(EC.element_to_be_clickable(locator))\n_ _ _ _ _ _ _ _ _ _ _ _ _ _ _ _ _ _ _ _ _ _ _ _ _ _ _ _ _ _ _ _ _ _ _ _ _ _ _ _ \n\nself = <selenium.webdriver.support.wait.WebDriverWait (session=\"77017cb765ba93cf83e687673f157fbe\")>\nmethod = <function element_to_be_clickable.<locals>._predicate at 0x10b571e40>\nmessage = ''\n\n    def until(self, method: Callable[[WebDriver], Union[Literal[False], T]], message: str = \"\") -> T:\n        \"\"\"Calls the method provided with the driver as an argument until the \\\n        return value does not evaluate to ``False``.\n    \n        :param method: callable(WebDriver)\n        :param message: optional message for :exc:`TimeoutException`\n        :returns: the result of the last call to `method`\n        :raises: :exc:`selenium.common.exceptions.TimeoutException` if timeout occurs\n        \"\"\"\n        screen = None\n        stacktrace = None\n    \n        end_time = time.monotonic() + self._timeout\n        while True:\n            try:\n                value = method(self._driver)\n                if value:\n                    return value\n            except self._ignored_exceptions as exc:\n                screen = getattr(exc, \"screen\", None)\n                stacktrace = getattr(exc, \"stacktrace\", None)\n            time.sleep(self._poll)\n            if time.monotonic() > end_time:\n                break\n>       raise TimeoutException(message, screen, stacktrace)\nE       selenium.common.exceptions.TimeoutException: Message: \nE       Stacktrace:\nE       0   chromedriver                        0x000000010085aecc cxxbridge1$str$ptr + 2941512\nE       1   chromedriver                        0x0000000100852b88 cxxbridge1$str$ptr + 2907908\nE       2   chromedriver                        0x000000010036a2b0 _RNvCsgXDX2mvAJAg_7___rustc35___rust_no_alloc_shim_is_unstable_v2 + 74020\nE       3   chromedriver                        0x00000001003b188c _RNvCsgXDX2mvAJAg_7___rustc35___rust_no_alloc_shim_is_unstable_v2 + 366336\nE       4   chromedriver                        0x00000001003f2d54 _RNvCsgXDX2mvAJAg_7___rustc35___rust_no_alloc_shim_is_unstable_v2 + 633800\nE       5   chromedriver                        0x00000001003a5ef0 _RNvCsgXDX2mvAJAg_7___rustc35___rust_no_alloc_shim_is_unstable_v2 + 318820\nE       6   chromedriver                        0x000000010081e0c8 cxxbridge1$str$ptr + 2692164\nE       7   chromedriver                        0x00000001008218dc cxxbridge1$str$ptr + 2706520\nE       8   chromedriver                        0x00000001007fe84c cxxbridge1$str$ptr + 2563016\nE       9   chromedriver                        0x00000001008221b4 cxxbridge1$str$ptr + 2708784\nE       10  chromedriver                        0x00000001007f00f4 cxxbridge1$str$ptr + 2503792\nE       11  chromedriver                        0x0000000100841498 cxxbridge1$str$ptr + 2836500\nE       12  chromedriver                        0x000000010084161c cxxbridge1$str$ptr + 2836888\nE       13  chromedriver                        0x00000001008527d8 cxxbridge1$str$ptr + 2906964\nE       14  libsystem_pthread.dylib             0x000000019d9e9c08 _pthread_start + 136\nE       15  libsystem_pthread.dylib             0x000000019d9e4ba8 thread_start + 8\n\n/Library/Frameworks/Python.framework/Versions/3.13/lib/python3.13/site-packages/selenium/webdriver/support/wait.py:101: TimeoutException","flaky":false,"newFailed":false,"newBroken":false,"newPassed":false,"retriesCount":0,"retriesStatusChange":false,"beforeStages":[{"name":"_session_faker","time":{"start":1764168320970,"stop":1764168320985,"duration":15},"status":"passed","steps":[],"attachments":[],"parameters":[],"shouldDisplayMessage":false,"attachmentsCount":0,"stepsCount":0,"hasContent":false,"attachmentStep":false},{"name":"_verify_url","time":{"start":1764168320985,"stop":1764168320985,"duration":0},"status":"passed","steps":[],"attachments":[],"parameters":[],"shouldDisplayMessage":false,"attachmentsCount":0,"stepsCount":0,"hasContent":false,"attachmentStep":false},{"name":"base_url","time":{"start":1764168320985,"stop":1764168320985,"duration":0},"status":"passed","steps":[],"attachments":[],"parameters":[],"shouldDisplayMessage":false,"attachmentsCount":0,"stepsCount":0,"hasContent":false,"attachmentStep":false},{"name":"sensitive_url","time":{"start":1764168320985,"stop":1764168320986,"duration":1},"status":"passed","steps":[],"attachments":[],"parameters":[],"shouldDisplayMessage":false,"attachmentsCount":0,"stepsCount":0,"hasContent":false,"attachmentStep":false},{"name":"chrome_options","time":{"start":1764168326938,"stop":1764168326938,"duration":0},"status":"passed","steps":[],"attachments":[],"parameters":[],"shouldDisplayMessage":false,"attachmentsCount":0,"stepsCount":0,"hasContent":false,"attachmentStep":false},{"name":"driver","time":{"start":1764168326938,"stop":1764168327790,"duration":852},"status":"passed","steps":[],"attachments":[],"parameters":[],"shouldDisplayMessage":false,"attachmentsCount":0,"stepsCount":0,"hasContent":false,"attachmentStep":false},{"name":"_skip_sensitive","time":{"start":1764168326938,"stop":1764168326938,"duration":0},"status":"passed","steps":[],"attachments":[],"parameters":[],"shouldDisplayMessage":false,"attachmentsCount":0,"stepsCount":0,"hasContent":false,"attachmentStep":false},{"name":"user_data","time":{"start":1764168327790,"stop":1764168327791,"duration":1},"status":"passed","steps":[],"attachments":[],"parameters":[],"shouldDisplayMessage":false,"attachmentsCount":0,"stepsCount":0,"hasContent":false,"attachmentStep":false},{"name":"registered_user","time":{"start":1764168327791,"stop":1764168331969,"duration":4178},"status":"passed","steps":[],"attachments":[],"parameters":[],"shouldDisplayMessage":false,"attachmentsCount":0,"stepsCount":0,"hasContent":false,"attachmentStep":false},{"name":"authorized_user","time":{"start":1764168331969,"stop":1764168333624,"duration":1655},"status":"passed","steps":[],"attachments":[],"parameters":[],"shouldDisplayMessage":false,"attachmentsCount":0,"stepsCount":0,"hasContent":false,"attachmentStep":false}],"testStage":{"description":"Проверка создания нового рецепта с валидными данными","status":"broken","statusMessage":"selenium.common.exceptions.TimeoutException: Message: \nStacktrace:\n0   chromedriver                        0x000000010085aecc cxxbridge1$str$ptr + 2941512\n1   chromedriver                        0x0000000100852b88 cxxbridge1$str$ptr + 2907908\n2   chromedriver                        0x000000010036a2b0 _RNvCsgXDX2mvAJAg_7___rustc35___rust_no_alloc_shim_is_unstable_v2 + 74020\n3   chromedriver                        0x00000001003b188c _RNvCsgXDX2mvAJAg_7___rustc35___rust_no_alloc_shim_is_unstable_v2 + 366336\n4   chromedriver                        0x00000001003f2d54 _RNvCsgXDX2mvAJAg_7___rustc35___rust_no_alloc_shim_is_unstable_v2 + 633800\n5   chromedriver                        0x00000001003a5ef0 _RNvCsgXDX2mvAJAg_7___rustc35___rust_no_alloc_shim_is_unstable_v2 + 318820\n6   chromedriver                        0x000000010081e0c8 cxxbridge1$str$ptr + 2692164\n7   chromedriver                        0x00000001008218dc cxxbridge1$str$ptr + 2706520\n8   chromedriver                        0x00000001007fe84c cxxbridge1$str$ptr + 2563016\n9   chromedriver                        0x00000001008221b4 cxxbridge1$str$ptr + 2708784\n10  chromedriver                        0x00000001007f00f4 cxxbridge1$str$ptr + 2503792\n11  chromedriver                        0x0000000100841498 cxxbridge1$str$ptr + 2836500\n12  chromedriver                        0x000000010084161c cxxbridge1$str$ptr + 2836888\n13  chromedriver                        0x00000001008527d8 cxxbridge1$str$ptr + 2906964\n14  libsystem_pthread.dylib             0x000000019d9e9c08 _pthread_start + 136\n15  libsystem_pthread.dylib             0x000000019d9e4ba8 thread_start + 8","statusTrace":"self = <test.test_recipe.TestRecipe object at 0x10b41e350>\nauthorized_user = <selenium.webdriver.chrome.webdriver.WebDriver (session=\"77017cb765ba93cf83e687673f157fbe\")>\n\n    @allure.title('Успешное создание рецепта')\n    @allure.description('Проверка создания нового рецепта с валидными данными')\n    def test_create_recipe_success(self, authorized_user):\n        main_page = MainPage(authorized_user)\n        recipe_name = TestData.generate_recipe_name()\n    \n        with allure.step('Перейти на таб \"Создать рецепт\"'):\n>           main_page.click_create_recipe_link()\n\ntest/test_recipe.py:17: \n_ _ _ _ _ _ _ _ _ _ _ _ _ _ _ _ _ _ _ _ _ _ _ _ _ _ _ _ _ _ _ _ _ _ _ _ _ _ _ _ \npages/main_page.py:23: in click_create_recipe_link\n    self.click_element(MainPageLocators.CREATE_RECIPE_LINK)\npages/base_page.py:17: in click_element\n    element = self.find_clickable_element(locator)\npages/base_page.py:14: in find_clickable_element\n    return self.wait.until(EC.element_to_be_clickable(locator))\n_ _ _ _ _ _ _ _ _ _ _ _ _ _ _ _ _ _ _ _ _ _ _ _ _ _ _ _ _ _ _ _ _ _ _ _ _ _ _ _ \n\nself = <selenium.webdriver.support.wait.WebDriverWait (session=\"77017cb765ba93cf83e687673f157fbe\")>\nmethod = <function element_to_be_clickable.<locals>._predicate at 0x10b571e40>\nmessage = ''\n\n    def until(self, method: Callable[[WebDriver], Union[Literal[False], T]], message: str = \"\") -> T:\n        \"\"\"Calls the method provided with the driver as an argument until the \\\n        return value does not evaluate to ``False``.\n    \n        :param method: callable(WebDriver)\n        :param message: optional message for :exc:`TimeoutException`\n        :returns: the result of the last call to `method`\n        :raises: :exc:`selenium.common.exceptions.TimeoutException` if timeout occurs\n        \"\"\"\n        screen = None\n        stacktrace = None\n    \n        end_time = time.monotonic() + self._timeout\n        while True:\n            try:\n                value = method(self._driver)\n                if value:\n                    return value\n            except self._ignored_exceptions as exc:\n                screen = getattr(exc, \"screen\", None)\n                stacktrace = getattr(exc, \"stacktrace\", None)\n            time.sleep(self._poll)\n            if time.monotonic() > end_time:\n                break\n>       raise TimeoutException(message, screen, stacktrace)\nE       selenium.common.exceptions.TimeoutException: Message: \nE       Stacktrace:\nE       0   chromedriver                        0x000000010085aecc cxxbridge1$str$ptr + 2941512\nE       1   chromedriver                        0x0000000100852b88 cxxbridge1$str$ptr + 2907908\nE       2   chromedriver                        0x000000010036a2b0 _RNvCsgXDX2mvAJAg_7___rustc35___rust_no_alloc_shim_is_unstable_v2 + 74020\nE       3   chromedriver                        0x00000001003b188c _RNvCsgXDX2mvAJAg_7___rustc35___rust_no_alloc_shim_is_unstable_v2 + 366336\nE       4   chromedriver                        0x00000001003f2d54 _RNvCsgXDX2mvAJAg_7___rustc35___rust_no_alloc_shim_is_unstable_v2 + 633800\nE       5   chromedriver                        0x00000001003a5ef0 _RNvCsgXDX2mvAJAg_7___rustc35___rust_no_alloc_shim_is_unstable_v2 + 318820\nE       6   chromedriver                        0x000000010081e0c8 cxxbridge1$str$ptr + 2692164\nE       7   chromedriver                        0x00000001008218dc cxxbridge1$str$ptr + 2706520\nE       8   chromedriver                        0x00000001007fe84c cxxbridge1$str$ptr + 2563016\nE       9   chromedriver                        0x00000001008221b4 cxxbridge1$str$ptr + 2708784\nE       10  chromedriver                        0x00000001007f00f4 cxxbridge1$str$ptr + 2503792\nE       11  chromedriver                        0x0000000100841498 cxxbridge1$str$ptr + 2836500\nE       12  chromedriver                        0x000000010084161c cxxbridge1$str$ptr + 2836888\nE       13  chromedriver                        0x00000001008527d8 cxxbridge1$str$ptr + 2906964\nE       14  libsystem_pthread.dylib             0x000000019d9e9c08 _pthread_start + 136\nE       15  libsystem_pthread.dylib             0x000000019d9e4ba8 thread_start + 8\n\n/Library/Frameworks/Python.framework/Versions/3.13/lib/python3.13/site-packages/selenium/webdriver/support/wait.py:101: TimeoutException","steps":[{"name":"Перейти на таб \"Создать рецепт\"","time":{"start":1764168333626,"stop":1764168348976,"duration":15350},"status":"broken","statusMessage":"selenium.common.exceptions.TimeoutException: Message: \nStacktrace:\n0   chromedriver                        0x000000010085aecc cxxbridge1$str$ptr + 2941512\n1   chromedriver                        0x0000000100852b88 cxxbridge1$str$ptr + 2907908\n2   chromedriver                        0x000000010036a2b0 _RNvCsgXDX2mvAJAg_7___rustc35___rust_no_alloc_shim_is_unstable_v2 + 74020\n3   chromedriver                        0x00000001003b188c _RNvCsgXDX2mvAJAg_7___rustc35___rust_no_alloc_shim_is_unstable_v2 + 366336\n4   chromedriver                        0x00000001003f2d54 _RNvCsgXDX2mvAJAg_7___rustc35___rust_no_alloc_shim_is_unstable_v2 + 633800\n5   chromedriver                        0x00000001003a5ef0 _RNvCsgXDX2mvAJAg_7___rustc35___rust_no_alloc_shim_is_unstable_v2 + 318820\n6   chromedriver                        0x000000010081e0c8 cxxbridge1$str$ptr + 2692164\n7   chromedriver                        0x00000001008218dc cxxbridge1$str$ptr + 2706520\n8   chromedriver                        0x00000001007fe84c cxxbridge1$str$ptr + 2563016\n9   chromedriver                        0x00000001008221b4 cxxbridge1$str$ptr + 2708784\n10  chromedriver                        0x00000001007f00f4 cxxbridge1$str$ptr + 2503792\n11  chromedriver                        0x0000000100841498 cxxbridge1$str$ptr + 2836500\n12  chromedriver                        0x000000010084161c cxxbridge1$str$ptr + 2836888\n13  chromedriver                        0x00000001008527d8 cxxbridge1$str$ptr + 2906964\n14  libsystem_pthread.dylib             0x000000019d9e9c08 _pthread_start + 136\n15  libsystem_pthread.dylib             0x000000019d9e4ba8 thread_start + 8\n\n","statusTrace":"  File \"/Users/daryamelnik/Desktop/Sprint_9/test/test_recipe.py\", line 17, in test_create_recipe_success\n    main_page.click_create_recipe_link()\n    ~~~~~~~~~~~~~~~~~~~~~~~~~~~~~~~~~~^^\n  File \"/Users/daryamelnik/Desktop/Sprint_9/pages/main_page.py\", line 23, in click_create_recipe_link\n    self.click_element(MainPageLocators.CREATE_RECIPE_LINK)\n    ~~~~~~~~~~~~~~~~~~^^^^^^^^^^^^^^^^^^^^^^^^^^^^^^^^^^^^^\n  File \"/Users/daryamelnik/Desktop/Sprint_9/pages/base_page.py\", line 17, in click_element\n    element = self.find_clickable_element(locator)\n  File \"/Users/daryamelnik/Desktop/Sprint_9/pages/base_page.py\", line 14, in find_clickable_element\n    return self.wait.until(EC.element_to_be_clickable(locator))\n           ~~~~~~~~~~~~~~~^^^^^^^^^^^^^^^^^^^^^^^^^^^^^^^^^^^^^\n  File \"/Library/Frameworks/Python.framework/Versions/3.13/lib/python3.13/site-packages/selenium/webdriver/support/wait.py\", line 101, in until\n    raise TimeoutException(message, screen, stacktrace)\n","steps":[],"attachments":[],"parameters":[],"shouldDisplayMessage":true,"attachmentsCount":0,"stepsCount":0,"hasContent":true,"attachmentStep":false}],"attachments":[],"parameters":[],"shouldDisplayMessage":true,"attachmentsCount":0,"stepsCount":1,"hasContent":true,"attachmentStep":false},"afterStages":[{"name":"driver::0","time":{"start":1764168348989,"stop":1764168349073,"duration":84},"status":"passed","steps":[],"attachments":[],"parameters":[],"shouldDisplayMessage":false,"attachmentsCount":0,"stepsCount":0,"hasContent":false,"attachmentStep":false}],"labels":[{"name":"feature","value":"Создание рецепта"},{"name":"parentSuite","value":"test"},{"name":"suite","value":"test_recipe"},{"name":"subSuite","value":"TestRecipe"},{"name":"host","value":"Daryas-MacBook-Air.local"},{"name":"thread","value":"88688-MainThread"},{"name":"framework","value":"pytest"},{"name":"language","value":"cpython3"},{"name":"package","value":"test.test_recipe"},{"name":"resultFormat","value":"allure2"}],"parameters":[],"links":[],"hidden":true,"retry":true,"extra":{"categories":[],"tags":[]},"source":"ed1083e19949b6c1.json","parameterValues":[]}